2020-03-22 23:30:26.940 [main] ERROR org.springframework.boot.SpringApplication - Application run failed
java.lang.IllegalStateException: Logback configuration error detected: 
ERROR in ch.qos.logback.core.pattern.parser.Compiler@6bd51ed8 - There is no conversion class registered for conversion word [contextName]
ERROR in ch.qos.logback.core.pattern.parser.Compiler@6bd51ed8 - [contextName] is not a valid conversion word
ERROR in ch.qos.logback.core.pattern.parser.Compiler@61e3a1fd - There is no conversion class registered for conversion word [contextName]
ERROR in ch.qos.logback.core.pattern.parser.Compiler@61e3a1fd - [contextName] is not a valid conversion word
ERROR in ch.qos.logback.core.pattern.parser.Compiler@51abf713 - There is no conversion class registered for conversion word [contextName]
ERROR in ch.qos.logback.core.pattern.parser.Compiler@51abf713 - [contextName] is not a valid conversion word
ERROR in ch.qos.logback.core.pattern.parser.Compiler@eadb475 - There is no conversion class registered for conversion word [contextName]
ERROR in ch.qos.logback.core.pattern.parser.Compiler@eadb475 - [contextName] is not a valid conversion word
ERROR in ch.qos.logback.core.pattern.parser.Compiler@4d4d48a6 - There is no conversion class registered for conversion word [contextName]
ERROR in ch.qos.logback.core.pattern.parser.Compiler@4d4d48a6 - [contextName] is not a valid conversion word
ERROR in ch.qos.logback.core.pattern.parser.Compiler@315df4bb - There is no conversion class registered for conversion word [contextName]
ERROR in ch.qos.logback.core.pattern.parser.Compiler@315df4bb - [contextName] is not a valid conversion word
ERROR in ch.qos.logback.core.pattern.parser.Compiler@3fc08eec - There is no conversion class registered for conversion word [contextName]
ERROR in ch.qos.logback.core.pattern.parser.Compiler@3fc08eec - [contextName] is not a valid conversion word
ERROR in ch.qos.logback.core.pattern.parser.Compiler@5cad8b7d - There is no conversion class registered for conversion word [contextName]
ERROR in ch.qos.logback.core.pattern.parser.Compiler@5cad8b7d - [contextName] is not a valid conversion word
	at org.springframework.boot.logging.logback.LogbackLoggingSystem.loadConfiguration(LogbackLoggingSystem.java:169)
	at org.springframework.boot.logging.AbstractLoggingSystem.initializeWithConventions(AbstractLoggingSystem.java:80)
	at org.springframework.boot.logging.AbstractLoggingSystem.initialize(AbstractLoggingSystem.java:60)
	at org.springframework.boot.logging.logback.LogbackLoggingSystem.initialize(LogbackLoggingSystem.java:118)
	at org.springframework.boot.context.logging.LoggingApplicationListener.initializeSystem(LoggingApplicationListener.java:313)
	at org.springframework.boot.context.logging.LoggingApplicationListener.initialize(LoggingApplicationListener.java:288)
	at org.springframework.boot.context.logging.LoggingApplicationListener.onApplicationEnvironmentPreparedEvent(LoggingApplicationListener.java:246)
	at org.springframework.boot.context.logging.LoggingApplicationListener.onApplicationEvent(LoggingApplicationListener.java:223)
	at org.springframework.context.event.SimpleApplicationEventMulticaster.doInvokeListener(SimpleApplicationEventMulticaster.java:172)
	at org.springframework.context.event.SimpleApplicationEventMulticaster.invokeListener(SimpleApplicationEventMulticaster.java:165)
	at org.springframework.context.event.SimpleApplicationEventMulticaster.multicastEvent(SimpleApplicationEventMulticaster.java:139)
	at org.springframework.context.event.SimpleApplicationEventMulticaster.multicastEvent(SimpleApplicationEventMulticaster.java:127)
	at org.springframework.boot.context.event.EventPublishingRunListener.environmentPrepared(EventPublishingRunListener.java:76)
	at org.springframework.boot.SpringApplicationRunListeners.environmentPrepared(SpringApplicationRunListeners.java:53)
	at org.springframework.boot.SpringApplication.prepareEnvironment(SpringApplication.java:345)
	at org.springframework.boot.SpringApplication.run(SpringApplication.java:308)
	at org.springframework.boot.test.context.SpringBootContextLoader.loadContext(SpringBootContextLoader.java:125)
	at org.springframework.test.context.cache.DefaultCacheAwareContextLoaderDelegate.loadContextInternal(DefaultCacheAwareContextLoaderDelegate.java:99)
	at org.springframework.test.context.cache.DefaultCacheAwareContextLoaderDelegate.loadContext(DefaultCacheAwareContextLoaderDelegate.java:124)
	at org.springframework.test.context.support.DefaultTestContext.getApplicationContext(DefaultTestContext.java:123)
	at org.springframework.test.context.web.ServletTestExecutionListener.setUpRequestContextIfNecessary(ServletTestExecutionListener.java:190)
	at org.springframework.test.context.web.ServletTestExecutionListener.prepareTestInstance(ServletTestExecutionListener.java:132)
	at org.springframework.test.context.TestContextManager.prepareTestInstance(TestContextManager.java:244)
	at org.springframework.test.context.junit4.SpringJUnit4ClassRunner.createTest(SpringJUnit4ClassRunner.java:227)
	at org.springframework.test.context.junit4.SpringJUnit4ClassRunner$1.runReflectiveCall(SpringJUnit4ClassRunner.java:289)
	at org.junit.internal.runners.model.ReflectiveCallable.run(ReflectiveCallable.java:12)
	at org.springframework.test.context.junit4.SpringJUnit4ClassRunner.methodBlock(SpringJUnit4ClassRunner.java:291)
	at org.springframework.test.context.junit4.SpringJUnit4ClassRunner.runChild(SpringJUnit4ClassRunner.java:246)
	at org.springframework.test.context.junit4.SpringJUnit4ClassRunner.runChild(SpringJUnit4ClassRunner.java:97)
	at org.junit.runners.ParentRunner$3.run(ParentRunner.java:290)
	at org.junit.runners.ParentRunner$1.schedule(ParentRunner.java:71)
	at org.junit.runners.ParentRunner.runChildren(ParentRunner.java:288)
	at org.junit.runners.ParentRunner.access$000(ParentRunner.java:58)
	at org.junit.runners.ParentRunner$2.evaluate(ParentRunner.java:268)
	at org.springframework.test.context.junit4.statements.RunBeforeTestClassCallbacks.evaluate(RunBeforeTestClassCallbacks.java:61)
	at org.springframework.test.context.junit4.statements.RunAfterTestClassCallbacks.evaluate(RunAfterTestClassCallbacks.java:70)
	at org.junit.runners.ParentRunner.run(ParentRunner.java:363)
	at org.springframework.test.context.junit4.SpringJUnit4ClassRunner.run(SpringJUnit4ClassRunner.java:190)
	at org.junit.runner.JUnitCore.run(JUnitCore.java:137)
	at com.intellij.junit4.JUnit4IdeaTestRunner.startRunnerWithArgs(JUnit4IdeaTestRunner.java:68)
	at com.intellij.rt.junit.IdeaTestRunner$Repeater.startRunnerWithArgs(IdeaTestRunner.java:33)
	at com.intellij.rt.junit.JUnitStarter.prepareStreamsAndStart(JUnitStarter.java:230)
	at com.intellij.rt.junit.JUnitStarter.main(JUnitStarter.java:58)
2020-03-22 23:30:26.953 [main] ERROR o.springframework.test.context.TestContextManager - Caught exception while allowing TestExecutionListener [org.springframework.test.context.web.ServletTestExecutionListener@3b8f0a79] to prepare test instance [com.momolela.SpringBootStartTests@5aa360ea]
java.lang.IllegalStateException: Failed to load ApplicationContext
	at org.springframework.test.context.cache.DefaultCacheAwareContextLoaderDelegate.loadContext(DefaultCacheAwareContextLoaderDelegate.java:132)
	at org.springframework.test.context.support.DefaultTestContext.getApplicationContext(DefaultTestContext.java:123)
	at org.springframework.test.context.web.ServletTestExecutionListener.setUpRequestContextIfNecessary(ServletTestExecutionListener.java:190)
	at org.springframework.test.context.web.ServletTestExecutionListener.prepareTestInstance(ServletTestExecutionListener.java:132)
	at org.springframework.test.context.TestContextManager.prepareTestInstance(TestContextManager.java:244)
	at org.springframework.test.context.junit4.SpringJUnit4ClassRunner.createTest(SpringJUnit4ClassRunner.java:227)
	at org.springframework.test.context.junit4.SpringJUnit4ClassRunner$1.runReflectiveCall(SpringJUnit4ClassRunner.java:289)
	at org.junit.internal.runners.model.ReflectiveCallable.run(ReflectiveCallable.java:12)
	at org.springframework.test.context.junit4.SpringJUnit4ClassRunner.methodBlock(SpringJUnit4ClassRunner.java:291)
	at org.springframework.test.context.junit4.SpringJUnit4ClassRunner.runChild(SpringJUnit4ClassRunner.java:246)
	at org.springframework.test.context.junit4.SpringJUnit4ClassRunner.runChild(SpringJUnit4ClassRunner.java:97)
	at org.junit.runners.ParentRunner$3.run(ParentRunner.java:290)
	at org.junit.runners.ParentRunner$1.schedule(ParentRunner.java:71)
	at org.junit.runners.ParentRunner.runChildren(ParentRunner.java:288)
	at org.junit.runners.ParentRunner.access$000(ParentRunner.java:58)
	at org.junit.runners.ParentRunner$2.evaluate(ParentRunner.java:268)
	at org.springframework.test.context.junit4.statements.RunBeforeTestClassCallbacks.evaluate(RunBeforeTestClassCallbacks.java:61)
	at org.springframework.test.context.junit4.statements.RunAfterTestClassCallbacks.evaluate(RunAfterTestClassCallbacks.java:70)
	at org.junit.runners.ParentRunner.run(ParentRunner.java:363)
	at org.springframework.test.context.junit4.SpringJUnit4ClassRunner.run(SpringJUnit4ClassRunner.java:190)
	at org.junit.runner.JUnitCore.run(JUnitCore.java:137)
	at com.intellij.junit4.JUnit4IdeaTestRunner.startRunnerWithArgs(JUnit4IdeaTestRunner.java:68)
	at com.intellij.rt.junit.IdeaTestRunner$Repeater.startRunnerWithArgs(IdeaTestRunner.java:33)
	at com.intellij.rt.junit.JUnitStarter.prepareStreamsAndStart(JUnitStarter.java:230)
	at com.intellij.rt.junit.JUnitStarter.main(JUnitStarter.java:58)
Caused by: java.lang.IllegalStateException: Logback configuration error detected: 
ERROR in ch.qos.logback.core.pattern.parser.Compiler@6bd51ed8 - There is no conversion class registered for conversion word [contextName]
ERROR in ch.qos.logback.core.pattern.parser.Compiler@6bd51ed8 - [contextName] is not a valid conversion word
ERROR in ch.qos.logback.core.pattern.parser.Compiler@61e3a1fd - There is no conversion class registered for conversion word [contextName]
ERROR in ch.qos.logback.core.pattern.parser.Compiler@61e3a1fd - [contextName] is not a valid conversion word
ERROR in ch.qos.logback.core.pattern.parser.Compiler@51abf713 - There is no conversion class registered for conversion word [contextName]
ERROR in ch.qos.logback.core.pattern.parser.Compiler@51abf713 - [contextName] is not a valid conversion word
ERROR in ch.qos.logback.core.pattern.parser.Compiler@eadb475 - There is no conversion class registered for conversion word [contextName]
ERROR in ch.qos.logback.core.pattern.parser.Compiler@eadb475 - [contextName] is not a valid conversion word
ERROR in ch.qos.logback.core.pattern.parser.Compiler@4d4d48a6 - There is no conversion class registered for conversion word [contextName]
ERROR in ch.qos.logback.core.pattern.parser.Compiler@4d4d48a6 - [contextName] is not a valid conversion word
ERROR in ch.qos.logback.core.pattern.parser.Compiler@315df4bb - There is no conversion class registered for conversion word [contextName]
ERROR in ch.qos.logback.core.pattern.parser.Compiler@315df4bb - [contextName] is not a valid conversion word
ERROR in ch.qos.logback.core.pattern.parser.Compiler@3fc08eec - There is no conversion class registered for conversion word [contextName]
ERROR in ch.qos.logback.core.pattern.parser.Compiler@3fc08eec - [contextName] is not a valid conversion word
ERROR in ch.qos.logback.core.pattern.parser.Compiler@5cad8b7d - There is no conversion class registered for conversion word [contextName]
ERROR in ch.qos.logback.core.pattern.parser.Compiler@5cad8b7d - [contextName] is not a valid conversion word
	at org.springframework.boot.logging.logback.LogbackLoggingSystem.loadConfiguration(LogbackLoggingSystem.java:169)
	at org.springframework.boot.logging.AbstractLoggingSystem.initializeWithConventions(AbstractLoggingSystem.java:80)
	at org.springframework.boot.logging.AbstractLoggingSystem.initialize(AbstractLoggingSystem.java:60)
	at org.springframework.boot.logging.logback.LogbackLoggingSystem.initialize(LogbackLoggingSystem.java:118)
	at org.springframework.boot.context.logging.LoggingApplicationListener.initializeSystem(LoggingApplicationListener.java:313)
	at org.springframework.boot.context.logging.LoggingApplicationListener.initialize(LoggingApplicationListener.java:288)
	at org.springframework.boot.context.logging.LoggingApplicationListener.onApplicationEnvironmentPreparedEvent(LoggingApplicationListener.java:246)
	at org.springframework.boot.context.logging.LoggingApplicationListener.onApplicationEvent(LoggingApplicationListener.java:223)
	at org.springframework.context.event.SimpleApplicationEventMulticaster.doInvokeListener(SimpleApplicationEventMulticaster.java:172)
	at org.springframework.context.event.SimpleApplicationEventMulticaster.invokeListener(SimpleApplicationEventMulticaster.java:165)
	at org.springframework.context.event.SimpleApplicationEventMulticaster.multicastEvent(SimpleApplicationEventMulticaster.java:139)
	at org.springframework.context.event.SimpleApplicationEventMulticaster.multicastEvent(SimpleApplicationEventMulticaster.java:127)
	at org.springframework.boot.context.event.EventPublishingRunListener.environmentPrepared(EventPublishingRunListener.java:76)
	at org.springframework.boot.SpringApplicationRunListeners.environmentPrepared(SpringApplicationRunListeners.java:53)
	at org.springframework.boot.SpringApplication.prepareEnvironment(SpringApplication.java:345)
	at org.springframework.boot.SpringApplication.run(SpringApplication.java:308)
	at org.springframework.boot.test.context.SpringBootContextLoader.loadContext(SpringBootContextLoader.java:125)
	at org.springframework.test.context.cache.DefaultCacheAwareContextLoaderDelegate.loadContextInternal(DefaultCacheAwareContextLoaderDelegate.java:99)
	at org.springframework.test.context.cache.DefaultCacheAwareContextLoaderDelegate.loadContext(DefaultCacheAwareContextLoaderDelegate.java:124)
	... 24 common frames omitted
2020-03-22 23:31:18.809 [main] ERROR org.springframework.boot.SpringApplication - Application run failed
java.lang.IllegalStateException: Logback configuration error detected: 
ERROR in ch.qos.logback.core.pattern.parser.Compiler@c055c54 - There is no conversion class registered for conversion word [contextName]
ERROR in ch.qos.logback.core.pattern.parser.Compiler@c055c54 - [contextName] is not a valid conversion word
ERROR in ch.qos.logback.core.pattern.parser.Compiler@25e2ab5a - There is no conversion class registered for conversion word [contextName]
ERROR in ch.qos.logback.core.pattern.parser.Compiler@25e2ab5a - [contextName] is not a valid conversion word
ERROR in ch.qos.logback.core.pattern.parser.Compiler@35e5d0e5 - There is no conversion class registered for conversion word [contextName]
ERROR in ch.qos.logback.core.pattern.parser.Compiler@35e5d0e5 - [contextName] is not a valid conversion word
ERROR in ch.qos.logback.core.pattern.parser.Compiler@73173f63 - There is no conversion class registered for conversion word [contextName]
ERROR in ch.qos.logback.core.pattern.parser.Compiler@73173f63 - [contextName] is not a valid conversion word
ERROR in ch.qos.logback.core.pattern.parser.Compiler@55562aa9 - There is no conversion class registered for conversion word [contextName]
ERROR in ch.qos.logback.core.pattern.parser.Compiler@55562aa9 - [contextName] is not a valid conversion word
ERROR in ch.qos.logback.core.pattern.parser.Compiler@655ef322 - There is no conversion class registered for conversion word [contextName]
ERROR in ch.qos.logback.core.pattern.parser.Compiler@655ef322 - [contextName] is not a valid conversion word
ERROR in ch.qos.logback.core.pattern.parser.Compiler@7e276594 - There is no conversion class registered for conversion word [contextName]
ERROR in ch.qos.logback.core.pattern.parser.Compiler@7e276594 - [contextName] is not a valid conversion word
ERROR in ch.qos.logback.core.pattern.parser.Compiler@3401a114 - There is no conversion class registered for conversion word [contextName]
ERROR in ch.qos.logback.core.pattern.parser.Compiler@3401a114 - [contextName] is not a valid conversion word
	at org.springframework.boot.logging.logback.LogbackLoggingSystem.loadConfiguration(LogbackLoggingSystem.java:169)
	at org.springframework.boot.logging.AbstractLoggingSystem.initializeWithConventions(AbstractLoggingSystem.java:80)
	at org.springframework.boot.logging.AbstractLoggingSystem.initialize(AbstractLoggingSystem.java:60)
	at org.springframework.boot.logging.logback.LogbackLoggingSystem.initialize(LogbackLoggingSystem.java:118)
	at org.springframework.boot.context.logging.LoggingApplicationListener.initializeSystem(LoggingApplicationListener.java:313)
	at org.springframework.boot.context.logging.LoggingApplicationListener.initialize(LoggingApplicationListener.java:288)
	at org.springframework.boot.context.logging.LoggingApplicationListener.onApplicationEnvironmentPreparedEvent(LoggingApplicationListener.java:246)
	at org.springframework.boot.context.logging.LoggingApplicationListener.onApplicationEvent(LoggingApplicationListener.java:223)
	at org.springframework.context.event.SimpleApplicationEventMulticaster.doInvokeListener(SimpleApplicationEventMulticaster.java:172)
	at org.springframework.context.event.SimpleApplicationEventMulticaster.invokeListener(SimpleApplicationEventMulticaster.java:165)
	at org.springframework.context.event.SimpleApplicationEventMulticaster.multicastEvent(SimpleApplicationEventMulticaster.java:139)
	at org.springframework.context.event.SimpleApplicationEventMulticaster.multicastEvent(SimpleApplicationEventMulticaster.java:127)
	at org.springframework.boot.context.event.EventPublishingRunListener.environmentPrepared(EventPublishingRunListener.java:76)
	at org.springframework.boot.SpringApplicationRunListeners.environmentPrepared(SpringApplicationRunListeners.java:53)
	at org.springframework.boot.SpringApplication.prepareEnvironment(SpringApplication.java:345)
	at org.springframework.boot.SpringApplication.run(SpringApplication.java:308)
	at org.springframework.boot.SpringApplication.run(SpringApplication.java:1226)
	at org.springframework.boot.SpringApplication.run(SpringApplication.java:1215)
	at com.momolela.SpringBootStart.main(SpringBootStart.java:18)
