2020-03-25 08:39:45.701 [SpringContextShutdownHook] INFO  o.s.scheduling.concurrent.ThreadPoolTaskExecutor - Shutting down ExecutorService 'applicationTaskExecutor'
2020-03-25 08:40:12.659 [main] INFO  com.momolela.SpringBootStart - Starting SpringBootStart on DESKTOP-QMV0PHF with PID 13620 (E:\idea\springboot\target\classes started by Administrator in E:\idea\springboot)
2020-03-25 08:40:12.669 [main] INFO  com.momolela.SpringBootStart - The following profiles are active: dev
2020-03-25 08:40:14.884 [main] INFO  o.s.boot.web.embedded.tomcat.TomcatWebServer - Tomcat initialized with port(s): 8081 (http)
2020-03-25 08:40:14.905 [main] INFO  org.apache.coyote.http11.Http11NioProtocol - Initializing ProtocolHandler ["http-nio-8081"]
2020-03-25 08:40:14.907 [main] INFO  org.apache.catalina.core.StandardService - Starting service [Tomcat]
2020-03-25 08:40:14.908 [main] INFO  org.apache.catalina.core.StandardEngine - Starting Servlet engine: [Apache Tomcat/9.0.27]
2020-03-25 08:40:15.105 [main] INFO  o.a.c.c.C.[Tomcat].[localhost].[/springboot] - Initializing Spring embedded WebApplicationContext
2020-03-25 08:40:15.106 [main] INFO  org.springframework.web.context.ContextLoader - Root WebApplicationContext: initialization completed in 2337 ms
2020-03-25 08:40:15.554 [main] INFO  o.s.scheduling.concurrent.ThreadPoolTaskExecutor - Initializing ExecutorService 'applicationTaskExecutor'
2020-03-25 08:40:15.991 [main] INFO  org.apache.coyote.http11.Http11NioProtocol - Starting ProtocolHandler ["http-nio-8081"]
2020-03-25 08:40:16.037 [main] INFO  o.s.boot.web.embedded.tomcat.TomcatWebServer - Tomcat started on port(s): 8081 (http) with context path '/springboot'
2020-03-25 08:40:16.049 [main] INFO  com.momolela.SpringBootStart - Started SpringBootStart in 5.388 seconds (JVM running for 9.517)
2020-03-25 08:41:07.101 [SpringContextShutdownHook] INFO  o.s.scheduling.concurrent.ThreadPoolTaskExecutor - Shutting down ExecutorService 'applicationTaskExecutor'
2020-03-25 23:27:10.626 [main] INFO  com.momolela.SpringBootStart - Starting SpringBootStart on DESKTOP-QMV0PHF with PID 11148 (E:\idea\springboot\target\classes started by Administrator in E:\idea\springboot)
2020-03-25 23:27:10.635 [main] INFO  com.momolela.SpringBootStart - The following profiles are active: dev
2020-03-25 23:27:13.065 [main] INFO  o.s.boot.web.embedded.tomcat.TomcatWebServer - Tomcat initialized with port(s): 8081 (http)
2020-03-25 23:27:13.082 [main] INFO  org.apache.coyote.http11.Http11NioProtocol - Initializing ProtocolHandler ["http-nio-8081"]
2020-03-25 23:27:13.083 [main] INFO  org.apache.catalina.core.StandardService - Starting service [Tomcat]
2020-03-25 23:27:13.084 [main] INFO  org.apache.catalina.core.StandardEngine - Starting Servlet engine: [Apache Tomcat/9.0.27]
2020-03-25 23:27:13.222 [main] INFO  o.a.c.c.C.[Tomcat].[localhost].[/springboot] - Initializing Spring embedded WebApplicationContext
2020-03-25 23:27:13.223 [main] INFO  org.springframework.web.context.ContextLoader - Root WebApplicationContext: initialization completed in 2474 ms
2020-03-25 23:27:13.624 [main] INFO  o.s.scheduling.concurrent.ThreadPoolTaskExecutor - Initializing ExecutorService 'applicationTaskExecutor'
2020-03-25 23:27:14.012 [main] INFO  org.apache.coyote.http11.Http11NioProtocol - Starting ProtocolHandler ["http-nio-8081"]
2020-03-25 23:27:14.061 [main] INFO  o.s.boot.web.embedded.tomcat.TomcatWebServer - Tomcat started on port(s): 8081 (http) with context path '/springboot'
2020-03-25 23:27:14.070 [main] INFO  com.momolela.SpringBootStart - Started SpringBootStart in 5.361 seconds (JVM running for 8.175)
2020-03-25 23:28:03.387 [SpringContextShutdownHook] INFO  o.s.scheduling.concurrent.ThreadPoolTaskExecutor - Shutting down ExecutorService 'applicationTaskExecutor'
2020-03-25 23:28:17.351 [main] INFO  com.momolela.SpringBootStart - Starting SpringBootStart on DESKTOP-QMV0PHF with PID 19516 (E:\idea\springboot\target\classes started by Administrator in E:\idea\springboot)
2020-03-25 23:28:17.357 [main] INFO  com.momolela.SpringBootStart - The following profiles are active: dev
2020-03-25 23:28:19.404 [main] INFO  o.s.boot.web.embedded.tomcat.TomcatWebServer - Tomcat initialized with port(s): 8081 (http)
2020-03-25 23:28:19.421 [main] INFO  org.apache.coyote.http11.Http11NioProtocol - Initializing ProtocolHandler ["http-nio-8081"]
2020-03-25 23:28:19.423 [main] INFO  org.apache.catalina.core.StandardService - Starting service [Tomcat]
2020-03-25 23:28:19.423 [main] INFO  org.apache.catalina.core.StandardEngine - Starting Servlet engine: [Apache Tomcat/9.0.27]
2020-03-25 23:28:19.548 [main] INFO  o.a.c.c.C.[Tomcat].[localhost].[/springboot] - Initializing Spring embedded WebApplicationContext
2020-03-25 23:28:19.548 [main] INFO  org.springframework.web.context.ContextLoader - Root WebApplicationContext: initialization completed in 2099 ms
2020-03-25 23:28:19.901 [main] INFO  o.s.scheduling.concurrent.ThreadPoolTaskExecutor - Initializing ExecutorService 'applicationTaskExecutor'
2020-03-25 23:28:20.209 [main] INFO  org.apache.coyote.http11.Http11NioProtocol - Starting ProtocolHandler ["http-nio-8081"]
2020-03-25 23:28:20.245 [main] INFO  o.s.boot.web.embedded.tomcat.TomcatWebServer - Tomcat started on port(s): 8081 (http) with context path '/springboot'
2020-03-25 23:28:20.251 [main] INFO  com.momolela.SpringBootStart - Started SpringBootStart in 4.597 seconds (JVM running for 7.131)
2020-03-25 23:28:59.955 [SpringContextShutdownHook] INFO  o.s.scheduling.concurrent.ThreadPoolTaskExecutor - Shutting down ExecutorService 'applicationTaskExecutor'
