2020-03-28 13:15:33.119 [main] INFO  com.momolela.JDBCTests - Starting JDBCTests on DESKTOP-QMV0PHF with PID 4192 (started by Administrator in E:\idea\springboot)
2020-03-28 13:15:33.240 [main] INFO  com.momolela.JDBCTests - The following profiles are active: dev
2020-03-28 13:15:39.298 [main] INFO  o.s.scheduling.concurrent.ThreadPoolTaskExecutor - Initializing ExecutorService 'applicationTaskExecutor'
2020-03-28 13:15:41.264 [main] INFO  com.momolela.JDBCTests - Started JDBCTests in 10.302 seconds (JVM running for 14.01)
2020-03-28 13:15:42.049 [main] INFO  com.zaxxer.hikari.HikariDataSource - HikariPool-1 - Starting...
2020-03-28 13:15:42.573 [main] INFO  com.zaxxer.hikari.pool.PoolBase - HikariPool-1 - Driver does not support get/set network timeout for connections. (oracle.jdbc.driver.T4CConnection.getNetworkTimeout()I)
2020-03-28 13:15:42.667 [SpringContextShutdownHook] INFO  o.s.scheduling.concurrent.ThreadPoolTaskExecutor - Shutting down ExecutorService 'applicationTaskExecutor'
2020-03-28 13:22:26.155 [main] INFO  com.momolela.JDBCTests - Starting JDBCTests on DESKTOP-QMV0PHF with PID 1796 (started by Administrator in E:\idea\springboot)
2020-03-28 13:22:26.160 [main] INFO  com.momolela.JDBCTests - The following profiles are active: dev
2020-03-28 13:22:31.330 [main] INFO  o.s.scheduling.concurrent.ThreadPoolTaskExecutor - Initializing ExecutorService 'applicationTaskExecutor'
2020-03-28 13:22:32.985 [main] INFO  com.momolela.JDBCTests - Started JDBCTests in 8.972 seconds (JVM running for 11.92)
2020-03-28 13:22:33.719 [main] INFO  com.zaxxer.hikari.HikariDataSource - HikariPool-1 - Starting...
2020-03-28 13:22:34.268 [main] INFO  com.zaxxer.hikari.pool.PoolBase - HikariPool-1 - Driver does not support get/set network timeout for connections. (oracle.jdbc.driver.T4CConnection.getNetworkTimeout()I)
2020-03-28 13:22:34.324 [SpringContextShutdownHook] INFO  o.s.scheduling.concurrent.ThreadPoolTaskExecutor - Shutting down ExecutorService 'applicationTaskExecutor'
2020-03-28 13:24:24.325 [main] INFO  com.momolela.JDBCTests - Starting JDBCTests on DESKTOP-QMV0PHF with PID 6056 (started by Administrator in E:\idea\springboot)
2020-03-28 13:24:24.330 [main] INFO  com.momolela.JDBCTests - The following profiles are active: dev
2020-03-28 13:24:29.338 [main] INFO  o.s.scheduling.concurrent.ThreadPoolTaskExecutor - Initializing ExecutorService 'applicationTaskExecutor'
2020-03-28 13:24:31.091 [main] INFO  com.momolela.JDBCTests - Started JDBCTests in 8.858 seconds (JVM running for 12.147)
2020-03-28 13:24:31.680 [main] INFO  com.zaxxer.hikari.HikariDataSource - HikariPool-1 - Starting...
2020-03-28 13:24:32.188 [main] INFO  com.zaxxer.hikari.pool.PoolBase - HikariPool-1 - Driver does not support get/set network timeout for connections. (oracle.jdbc.driver.T4CConnection.getNetworkTimeout()I)
2020-03-28 13:24:32.233 [SpringContextShutdownHook] INFO  o.s.scheduling.concurrent.ThreadPoolTaskExecutor - Shutting down ExecutorService 'applicationTaskExecutor'
2020-03-28 13:26:30.592 [main] INFO  com.momolela.JDBCTests - Starting JDBCTests on DESKTOP-QMV0PHF with PID 6300 (started by Administrator in E:\idea\springboot)
2020-03-28 13:26:30.621 [main] INFO  com.momolela.JDBCTests - The following profiles are active: dev
2020-03-28 13:26:35.775 [main] INFO  o.s.scheduling.concurrent.ThreadPoolTaskExecutor - Initializing ExecutorService 'applicationTaskExecutor'
2020-03-28 13:26:37.363 [main] INFO  com.momolela.JDBCTests - Started JDBCTests in 8.845 seconds (JVM running for 12.442)
2020-03-28 13:26:37.980 [main] INFO  com.zaxxer.hikari.HikariDataSource - HikariPool-1 - Starting...
2020-03-28 13:26:38.326 [main] INFO  com.zaxxer.hikari.pool.PoolBase - HikariPool-1 - Driver does not support get/set network timeout for connections. (oracle.jdbc.driver.T4CConnection.getNetworkTimeout()I)
2020-03-28 13:26:38.377 [SpringContextShutdownHook] INFO  o.s.scheduling.concurrent.ThreadPoolTaskExecutor - Shutting down ExecutorService 'applicationTaskExecutor'
2020-03-28 13:28:18.351 [main] INFO  com.momolela.JDBCTests - Starting JDBCTests on DESKTOP-QMV0PHF with PID 7224 (started by Administrator in E:\idea\springboot)
2020-03-28 13:28:18.355 [main] INFO  com.momolela.JDBCTests - The following profiles are active: dev
2020-03-28 13:28:23.152 [main] INFO  o.s.scheduling.concurrent.ThreadPoolTaskExecutor - Initializing ExecutorService 'applicationTaskExecutor'
2020-03-28 13:28:25.156 [main] INFO  com.momolela.JDBCTests - Started JDBCTests in 8.837 seconds (JVM running for 12.234)
2020-03-28 13:28:25.791 [main] INFO  com.zaxxer.hikari.HikariDataSource - HikariPool-1 - Starting...
2020-03-28 13:28:27.794 [main] INFO  com.zaxxer.hikari.pool.PoolBase - HikariPool-1 - Driver does not support get/set network timeout for connections. (oracle.jdbc.driver.T4CConnection.getNetworkTimeout()I)
2020-03-28 13:28:27.807 [main] INFO  com.zaxxer.hikari.HikariDataSource - HikariPool-1 - Start completed.
2020-03-28 13:28:27.843 [SpringContextShutdownHook] INFO  com.zaxxer.hikari.HikariDataSource - HikariPool-1 - Shutdown initiated...
2020-03-28 13:28:27.858 [SpringContextShutdownHook] INFO  com.zaxxer.hikari.HikariDataSource - HikariPool-1 - Shutdown completed.
2020-03-28 13:28:27.869 [SpringContextShutdownHook] INFO  o.s.scheduling.concurrent.ThreadPoolTaskExecutor - Shutting down ExecutorService 'applicationTaskExecutor'
2020-03-28 13:29:01.390 [main] INFO  com.momolela.JDBCTests - Starting JDBCTests on DESKTOP-QMV0PHF with PID 2220 (started by Administrator in E:\idea\springboot)
2020-03-28 13:29:01.394 [main] INFO  com.momolela.JDBCTests - The following profiles are active: dev
2020-03-28 13:29:06.546 [main] INFO  o.s.scheduling.concurrent.ThreadPoolTaskExecutor - Initializing ExecutorService 'applicationTaskExecutor'
2020-03-28 13:29:08.337 [main] INFO  com.momolela.JDBCTests - Started JDBCTests in 9.059 seconds (JVM running for 13.043)
2020-03-28 13:29:08.971 [main] INFO  com.zaxxer.hikari.HikariDataSource - HikariPool-1 - Starting...
2020-03-28 13:29:10.479 [main] INFO  com.zaxxer.hikari.pool.PoolBase - HikariPool-1 - Driver does not support get/set network timeout for connections. (oracle.jdbc.driver.T4CConnection.getNetworkTimeout()I)
2020-03-28 13:29:10.486 [main] INFO  com.zaxxer.hikari.HikariDataSource - HikariPool-1 - Start completed.
2020-03-28 13:32:31.944 [main] INFO  com.momolela.JDBCTests - Starting JDBCTests on DESKTOP-QMV0PHF with PID 3328 (started by Administrator in E:\idea\springboot)
2020-03-28 13:32:31.985 [main] INFO  com.momolela.JDBCTests - The following profiles are active: dev
2020-03-28 13:32:37.131 [main] INFO  o.s.scheduling.concurrent.ThreadPoolTaskExecutor - Initializing ExecutorService 'applicationTaskExecutor'
2020-03-28 13:32:39.482 [main] INFO  com.momolela.JDBCTests - Started JDBCTests in 10.161 seconds (JVM running for 13.943)
2020-03-28 13:32:40.139 [main] INFO  com.zaxxer.hikari.HikariDataSource - HikariPool-1 - Starting...
2020-03-28 13:32:42.662 [main] INFO  com.zaxxer.hikari.pool.PoolBase - HikariPool-1 - Driver does not support get/set network timeout for connections. (oracle.jdbc.driver.T4CConnection.getNetworkTimeout()I)
2020-03-28 13:32:42.669 [main] INFO  com.zaxxer.hikari.HikariDataSource - HikariPool-1 - Start completed.
2020-03-28 13:32:43.043 [SpringContextShutdownHook] INFO  com.zaxxer.hikari.HikariDataSource - HikariPool-1 - Shutdown initiated...
2020-03-28 13:32:43.106 [SpringContextShutdownHook] INFO  com.zaxxer.hikari.HikariDataSource - HikariPool-1 - Shutdown completed.
2020-03-28 13:32:43.111 [SpringContextShutdownHook] INFO  o.s.scheduling.concurrent.ThreadPoolTaskExecutor - Shutting down ExecutorService 'applicationTaskExecutor'
2020-03-28 18:18:24.392 [main] INFO  com.momolela.SpringBootStart - Starting SpringBootStart on DESKTOP-QMV0PHF with PID 3424 (E:\idea\springboot\target\classes started by Administrator in E:\idea\springboot)
2020-03-28 18:18:24.402 [main] INFO  com.momolela.SpringBootStart - The following profiles are active: dev
2020-03-28 18:18:27.025 [main] INFO  o.s.boot.web.embedded.tomcat.TomcatWebServer - Tomcat initialized with port(s): 8081 (http)
2020-03-28 18:18:27.043 [main] INFO  org.apache.coyote.http11.Http11NioProtocol - Initializing ProtocolHandler ["http-nio-8081"]
2020-03-28 18:18:27.045 [main] INFO  org.apache.catalina.core.StandardService - Starting service [Tomcat]
2020-03-28 18:18:27.046 [main] INFO  org.apache.catalina.core.StandardEngine - Starting Servlet engine: [Apache Tomcat/9.0.27]
2020-03-28 18:18:27.203 [main] INFO  o.a.c.c.C.[Tomcat].[localhost].[/springboot] - Initializing Spring embedded WebApplicationContext
2020-03-28 18:18:27.203 [main] INFO  org.springframework.web.context.ContextLoader - Root WebApplicationContext: initialization completed in 2645 ms
2020-03-28 18:18:27.959 [main] INFO  o.s.scheduling.concurrent.ThreadPoolTaskExecutor - Initializing ExecutorService 'applicationTaskExecutor'
2020-03-28 18:18:28.416 [main] INFO  org.apache.coyote.http11.Http11NioProtocol - Starting ProtocolHandler ["http-nio-8081"]
2020-03-28 18:18:28.464 [main] INFO  o.s.boot.web.embedded.tomcat.TomcatWebServer - Tomcat started on port(s): 8081 (http) with context path '/springboot'
2020-03-28 18:18:28.470 [main] INFO  com.momolela.SpringBootStart - Started SpringBootStart in 5.946 seconds (JVM running for 8.389)
2020-03-28 18:29:06.991 [SpringContextShutdownHook] INFO  o.s.scheduling.concurrent.ThreadPoolTaskExecutor - Shutting down ExecutorService 'applicationTaskExecutor'
2020-03-28 18:29:22.399 [main] INFO  c.m.l.s.HelloSpringApplicationRunListener - SpringApplicationRunListener...environmentPrepared..Windows 10
2020-03-28 18:29:22.694 [main] INFO  c.m.l.s.HelloApplicationContextInitializer - ApplicationContextInitializer...initialize...org.springframework.boot.web.servlet.context.AnnotationConfigServletWebServerApplicationContext@47a5b70d, started on Thu Jan 01 08:00:00 CST 1970
2020-03-28 18:29:22.702 [main] INFO  c.m.l.s.HelloSpringApplicationRunListener - SpringApplicationRunListener...contextPrepared...
2020-03-28 18:29:22.710 [main] INFO  com.momolela.SpringBootStart - Starting SpringBootStart on DESKTOP-QMV0PHF with PID 11356 (E:\idea\springboot\target\classes started by Administrator in E:\idea\springboot)
2020-03-28 18:29:22.711 [main] INFO  com.momolela.SpringBootStart - The following profiles are active: dev
2020-03-28 18:29:22.897 [main] INFO  c.m.l.s.HelloSpringApplicationRunListener - SpringApplicationRunListener...contextLoaded...
2020-03-28 18:29:25.106 [main] INFO  o.s.boot.web.embedded.tomcat.TomcatWebServer - Tomcat initialized with port(s): 8081 (http)
2020-03-28 18:29:25.119 [main] INFO  org.apache.coyote.http11.Http11NioProtocol - Initializing ProtocolHandler ["http-nio-8081"]
2020-03-28 18:29:25.121 [main] INFO  org.apache.catalina.core.StandardService - Starting service [Tomcat]
2020-03-28 18:29:25.122 [main] INFO  org.apache.catalina.core.StandardEngine - Starting Servlet engine: [Apache Tomcat/9.0.27]
2020-03-28 18:29:25.282 [main] INFO  o.a.c.c.C.[Tomcat].[localhost].[/springboot] - Initializing Spring embedded WebApplicationContext
2020-03-28 18:29:25.283 [main] INFO  org.springframework.web.context.ContextLoader - Root WebApplicationContext: initialization completed in 2385 ms
2020-03-28 18:29:25.961 [main] INFO  o.s.scheduling.concurrent.ThreadPoolTaskExecutor - Initializing ExecutorService 'applicationTaskExecutor'
2020-03-28 18:29:26.401 [main] INFO  org.apache.coyote.http11.Http11NioProtocol - Starting ProtocolHandler ["http-nio-8081"]
2020-03-28 18:29:26.440 [main] INFO  o.s.boot.web.embedded.tomcat.TomcatWebServer - Tomcat started on port(s): 8081 (http) with context path '/springboot'
2020-03-28 18:29:26.445 [main] INFO  com.momolela.SpringBootStart - Started SpringBootStart in 5.34 seconds (JVM running for 7.799)
2020-03-28 18:29:26.447 [main] INFO  c.m.l.s.HelloApplicationRunner - ApplicationRunner...run....
2020-03-28 18:29:26.448 [main] INFO  c.m.l.s.HelloCommandLineRunner - CommandLineRunner...run...[]
2020-03-28 18:40:46.705 [SpringContextShutdownHook] INFO  o.s.scheduling.concurrent.ThreadPoolTaskExecutor - Shutting down ExecutorService 'applicationTaskExecutor'
2020-03-28 18:43:23.698 [main] INFO  c.m.l.s.HelloSpringApplicationRunListener - SpringApplicationRunListener...environmentPrepared..Windows 10
2020-03-28 18:43:23.974 [main] INFO  c.m.l.s.HelloApplicationContextInitializer - ApplicationContextInitializer...initialize...org.springframework.boot.web.servlet.context.AnnotationConfigServletWebServerApplicationContext@542e560f, started on Thu Jan 01 08:00:00 CST 1970
2020-03-28 18:43:23.990 [main] INFO  c.m.l.s.HelloSpringApplicationRunListener - SpringApplicationRunListener...contextPrepared...
2020-03-28 18:43:24.002 [main] INFO  com.momolela.SpringBootStart - Starting SpringBootStart on DESKTOP-QMV0PHF with PID 12400 (E:\idea\springboot\target\classes started by Administrator in E:\idea\springboot)
2020-03-28 18:43:24.003 [main] INFO  com.momolela.SpringBootStart - The following profiles are active: dev
2020-03-28 18:43:24.301 [main] INFO  c.m.l.s.HelloSpringApplicationRunListener - SpringApplicationRunListener...contextLoaded...
2020-03-28 18:43:26.601 [main] INFO  o.s.boot.web.embedded.tomcat.TomcatWebServer - Tomcat initialized with port(s): 8081 (http)
2020-03-28 18:43:26.616 [main] INFO  org.apache.coyote.http11.Http11NioProtocol - Initializing ProtocolHandler ["http-nio-8081"]
2020-03-28 18:43:26.618 [main] INFO  org.apache.catalina.core.StandardService - Starting service [Tomcat]
2020-03-28 18:43:26.618 [main] INFO  org.apache.catalina.core.StandardEngine - Starting Servlet engine: [Apache Tomcat/9.0.27]
2020-03-28 18:43:26.772 [main] INFO  o.a.c.c.C.[Tomcat].[localhost].[/springboot] - Initializing Spring embedded WebApplicationContext
2020-03-28 18:43:26.772 [main] INFO  org.springframework.web.context.ContextLoader - Root WebApplicationContext: initialization completed in 2471 ms
2020-03-28 18:43:26.876 [main] INFO  com.momolela.listener.servletListener.MyListener - ===========web应用启动了
2020-03-28 18:43:27.091 [main] INFO  com.momolela.config.MyAppConfig - 通过@Configuration和@Bean注解添加helloService对象到容器中了
2020-03-28 18:43:27.450 [main] INFO  o.s.scheduling.concurrent.ThreadPoolTaskExecutor - Initializing ExecutorService 'applicationTaskExecutor'
2020-03-28 18:43:27.899 [main] INFO  org.apache.coyote.http11.Http11NioProtocol - Starting ProtocolHandler ["http-nio-8081"]
2020-03-28 18:43:27.938 [main] INFO  o.s.boot.web.embedded.tomcat.TomcatWebServer - Tomcat started on port(s): 8081 (http) with context path '/springboot'
2020-03-28 18:43:27.943 [main] INFO  com.momolela.SpringBootStart - Started SpringBootStart in 5.78 seconds (JVM running for 8.729)
2020-03-28 18:43:27.944 [main] INFO  c.m.l.s.HelloApplicationRunner - ApplicationRunner...run....
2020-03-28 18:43:27.945 [main] INFO  c.m.l.s.HelloCommandLineRunner - CommandLineRunner...run...[]
2020-03-28 18:44:35.514 [SpringContextShutdownHook] INFO  o.s.scheduling.concurrent.ThreadPoolTaskExecutor - Shutting down ExecutorService 'applicationTaskExecutor'
2020-03-28 18:44:36.623 [SpringContextShutdownHook] INFO  com.momolela.listener.servletListener.MyListener - ===========web应用停止了
2020-03-28 18:44:46.996 [main] INFO  c.m.l.s.HelloSpringApplicationRunListener - SpringApplicationRunListener...environmentPrepared..Windows 10
2020-03-28 18:44:47.417 [main] INFO  c.m.l.s.HelloApplicationContextInitializer - ApplicationContextInitializer...initialize...org.springframework.boot.web.servlet.context.AnnotationConfigServletWebServerApplicationContext@7516e4e5, started on Thu Jan 01 08:00:00 CST 1970
2020-03-28 18:44:47.426 [main] INFO  c.m.l.s.HelloSpringApplicationRunListener - SpringApplicationRunListener...contextPrepared...
2020-03-28 18:44:47.436 [main] INFO  com.momolela.SpringBootStart - Starting SpringBootStart on DESKTOP-QMV0PHF with PID 10708 (E:\idea\springboot\target\classes started by Administrator in E:\idea\springboot)
2020-03-28 18:44:47.438 [main] INFO  com.momolela.SpringBootStart - The following profiles are active: dev
2020-03-28 18:44:47.559 [main] INFO  c.m.l.s.HelloSpringApplicationRunListener - SpringApplicationRunListener...contextLoaded...
2020-03-28 18:44:49.380 [main] INFO  o.s.boot.web.embedded.tomcat.TomcatWebServer - Tomcat initialized with port(s): 8081 (http)
2020-03-28 18:44:49.394 [main] INFO  org.apache.coyote.http11.Http11NioProtocol - Initializing ProtocolHandler ["http-nio-8081"]
2020-03-28 18:44:49.396 [main] INFO  org.apache.catalina.core.StandardService - Starting service [Tomcat]
2020-03-28 18:44:49.396 [main] INFO  org.apache.catalina.core.StandardEngine - Starting Servlet engine: [Apache Tomcat/9.0.27]
2020-03-28 18:44:49.555 [main] INFO  o.a.c.c.C.[Tomcat].[localhost].[/springboot] - Initializing Spring embedded WebApplicationContext
2020-03-28 18:44:49.556 [main] INFO  org.springframework.web.context.ContextLoader - Root WebApplicationContext: initialization completed in 1995 ms
2020-03-28 18:44:49.668 [main] INFO  com.momolela.listener.servletListener.MyListener - ===========web应用启动了
2020-03-28 18:44:49.836 [main] INFO  com.momolela.config.MyAppConfig - 通过@Configuration和@Bean注解添加helloService对象到容器中了
2020-03-28 18:44:50.283 [main] INFO  o.s.scheduling.concurrent.ThreadPoolTaskExecutor - Initializing ExecutorService 'applicationTaskExecutor'
2020-03-28 18:44:50.743 [main] INFO  org.apache.coyote.http11.Http11NioProtocol - Starting ProtocolHandler ["http-nio-8081"]
2020-03-28 18:44:50.781 [main] INFO  o.s.boot.web.embedded.tomcat.TomcatWebServer - Tomcat started on port(s): 8081 (http) with context path '/springboot'
2020-03-28 18:44:50.786 [main] INFO  com.momolela.SpringBootStart - Started SpringBootStart in 5.089 seconds (JVM running for 8.357)
2020-03-28 18:44:50.788 [main] INFO  c.m.l.s.HelloApplicationRunner - ApplicationRunner...run....
2020-03-28 18:44:50.788 [main] INFO  c.m.l.s.HelloCommandLineRunner - CommandLineRunner...run...[]
2020-03-28 18:45:02.491 [SpringContextShutdownHook] INFO  o.s.scheduling.concurrent.ThreadPoolTaskExecutor - Shutting down ExecutorService 'applicationTaskExecutor'
2020-03-28 18:45:03.428 [SpringContextShutdownHook] INFO  com.momolela.listener.servletListener.MyListener - ===========web应用停止了
2020-03-28 18:45:19.520 [main] INFO  c.m.l.s.HelloSpringApplicationRunListener - SpringApplicationRunListener...environmentPrepared..Windows 10
2020-03-28 18:45:20.024 [main] INFO  c.m.l.s.HelloApplicationContextInitializer - ApplicationContextInitializer...initialize...org.springframework.web.context.support.GenericWebApplicationContext@66238be2, started on Thu Jan 01 08:00:00 CST 1970
2020-03-28 18:45:20.066 [main] INFO  c.m.l.s.HelloSpringApplicationRunListener - SpringApplicationRunListener...contextPrepared...
2020-03-28 18:45:20.089 [main] INFO  com.momolela.SpringBootStartTests - Starting SpringBootStartTests on DESKTOP-QMV0PHF with PID 11856 (started by Administrator in E:\idea\springboot)
2020-03-28 18:45:20.090 [main] INFO  com.momolela.SpringBootStartTests - The following profiles are active: dev
2020-03-28 18:45:20.179 [main] INFO  c.m.l.s.HelloSpringApplicationRunListener - SpringApplicationRunListener...contextLoaded...
2020-03-28 18:45:24.366 [main] INFO  com.momolela.config.MyAppConfig - 通过@Configuration和@Bean注解添加helloService对象到容器中了
2020-03-28 18:45:26.158 [main] INFO  o.s.scheduling.concurrent.ThreadPoolTaskExecutor - Initializing ExecutorService 'applicationTaskExecutor'
2020-03-28 18:45:27.504 [main] INFO  com.momolela.SpringBootStartTests - Started SpringBootStartTests in 9.68 seconds (JVM running for 13.022)
2020-03-28 18:45:27.506 [main] INFO  c.m.l.s.HelloApplicationRunner - ApplicationRunner...run....
2020-03-28 18:45:27.507 [main] INFO  c.m.l.s.HelloCommandLineRunner - CommandLineRunner...run...[]
2020-03-28 18:45:28.234 [main] INFO  com.momolela.SpringBootStartTests - has helloService Bean in context===true
2020-03-28 18:45:28.260 [SpringContextShutdownHook] INFO  o.s.scheduling.concurrent.ThreadPoolTaskExecutor - Shutting down ExecutorService 'applicationTaskExecutor'
2020-03-28 18:46:19.967 [main] INFO  c.m.l.s.HelloSpringApplicationRunListener - SpringApplicationRunListener...environmentPrepared..Windows 10
2020-03-28 18:46:20.466 [main] INFO  c.m.l.s.HelloApplicationContextInitializer - ApplicationContextInitializer...initialize...org.springframework.web.context.support.GenericWebApplicationContext@2db2cd5, started on Thu Jan 01 08:00:00 CST 1970
2020-03-28 18:46:20.485 [main] INFO  c.m.l.s.HelloSpringApplicationRunListener - SpringApplicationRunListener...contextPrepared...
2020-03-28 18:46:20.531 [main] INFO  com.momolela.SpringBootStartTests - Starting SpringBootStartTests on DESKTOP-QMV0PHF with PID 1680 (started by Administrator in E:\idea\springboot)
2020-03-28 18:46:20.533 [main] INFO  com.momolela.SpringBootStartTests - The following profiles are active: dev
2020-03-28 18:46:20.713 [main] INFO  c.m.l.s.HelloSpringApplicationRunListener - SpringApplicationRunListener...contextLoaded...
2020-03-28 18:46:24.734 [main] INFO  com.momolela.config.MyAppConfig - 通过@Configuration和@Bean注解添加helloService对象到容器中了
2020-03-28 18:46:26.554 [main] INFO  o.s.scheduling.concurrent.ThreadPoolTaskExecutor - Initializing ExecutorService 'applicationTaskExecutor'
2020-03-28 18:46:27.859 [main] INFO  com.momolela.SpringBootStartTests - Started SpringBootStartTests in 9.437 seconds (JVM running for 12.317)
2020-03-28 18:46:27.876 [main] INFO  c.m.l.s.HelloApplicationRunner - ApplicationRunner...run....
2020-03-28 18:46:27.881 [main] INFO  c.m.l.s.HelloCommandLineRunner - CommandLineRunner...run...[]
2020-03-28 18:46:28.436 [main] INFO  com.momolela.SpringBootStartTests - person===Person{lastName='hufy', age=25, boss=false, birth=Wed Nov 01 00:00:00 CST 1995, map={k2=v2, k1=v1}, list=[haha, xixi], dog=Dog{name='np'}}
2020-03-28 18:46:28.455 [SpringContextShutdownHook] INFO  o.s.scheduling.concurrent.ThreadPoolTaskExecutor - Shutting down ExecutorService 'applicationTaskExecutor'
2020-03-28 18:52:08.613 [main] INFO  c.m.l.s.HelloSpringApplicationRunListener - SpringApplicationRunListener...environmentPrepared..Windows 10
2020-03-28 18:52:09.011 [main] INFO  c.m.l.s.HelloApplicationContextInitializer - ApplicationContextInitializer...initialize...org.springframework.web.context.support.GenericWebApplicationContext@c1fca1e, started on Thu Jan 01 08:00:00 CST 1970
2020-03-28 18:52:09.038 [main] INFO  c.m.l.s.HelloSpringApplicationRunListener - SpringApplicationRunListener...contextPrepared...
2020-03-28 18:52:09.052 [main] INFO  com.momolela.SpringBootStartTests - Starting SpringBootStartTests on DESKTOP-QMV0PHF with PID 6980 (started by Administrator in E:\idea\springboot)
2020-03-28 18:52:09.054 [main] INFO  com.momolela.SpringBootStartTests - The following profiles are active: dev
2020-03-28 18:52:09.140 [main] INFO  c.m.l.s.HelloSpringApplicationRunListener - SpringApplicationRunListener...contextLoaded...
2020-03-28 18:52:13.542 [main] INFO  com.momolela.config.MyAppConfig - 通过@Configuration和@Bean注解添加helloService对象到容器中了
2020-03-28 18:52:15.364 [main] INFO  o.s.scheduling.concurrent.ThreadPoolTaskExecutor - Initializing ExecutorService 'applicationTaskExecutor'
2020-03-28 18:52:16.711 [main] INFO  com.momolela.SpringBootStartTests - Started SpringBootStartTests in 9.829 seconds (JVM running for 12.807)
2020-03-28 18:52:16.721 [main] INFO  c.m.l.s.HelloApplicationRunner - ApplicationRunner...run....
2020-03-28 18:52:16.722 [main] INFO  c.m.l.s.HelloCommandLineRunner - CommandLineRunner...run...[]
2020-03-28 18:52:17.337 [main] INFO  com.momolela.SpringBootStartTests - Person Object===Person{lastName='hufy', age=25, boss=false, birth=Wed Nov 01 00:00:00 CST 1995, map={k2=v2, k1=v1}, list=[haha, xixi], dog=Dog{name='np'}}
2020-03-28 18:52:17.367 [SpringContextShutdownHook] INFO  o.s.scheduling.concurrent.ThreadPoolTaskExecutor - Shutting down ExecutorService 'applicationTaskExecutor'
2020-03-28 23:40:24.821 [main] INFO  c.m.l.s.HelloSpringApplicationRunListener - SpringApplicationRunListener...environmentPrepared..Windows 10
2020-03-28 23:40:25.226 [main] INFO  c.m.l.s.HelloApplicationContextInitializer - ApplicationContextInitializer...initialize...org.springframework.web.context.support.GenericWebApplicationContext@3e587920, started on Thu Jan 01 08:00:00 CST 1970
2020-03-28 23:40:25.258 [main] INFO  c.m.l.s.HelloSpringApplicationRunListener - SpringApplicationRunListener...contextPrepared...
2020-03-28 23:40:25.303 [main] INFO  com.momolela.SpringBootStartTests - Starting SpringBootStartTests on DESKTOP-QMV0PHF with PID 10660 (started by Administrator in E:\idea\springboot)
2020-03-28 23:40:25.304 [main] INFO  com.momolela.SpringBootStartTests - The following profiles are active: dev
2020-03-28 23:40:25.415 [main] INFO  c.m.l.s.HelloSpringApplicationRunListener - SpringApplicationRunListener...contextLoaded...
2020-03-28 23:40:28.075 [main] INFO  o.s.b.a.l.ConditionEvaluationReportLoggingListener - 

Error starting ApplicationContext. To display the conditions report re-run your application with 'debug' enabled.
2020-03-28 23:45:47.576 [main] INFO  c.m.l.s.HelloSpringApplicationRunListener - SpringApplicationRunListener...environmentPrepared..Windows 10
2020-03-28 23:45:47.901 [main] INFO  c.m.l.s.HelloApplicationContextInitializer - ApplicationContextInitializer...initialize...org.springframework.web.context.support.GenericWebApplicationContext@29d2d081, started on Thu Jan 01 08:00:00 CST 1970
2020-03-28 23:45:47.912 [main] INFO  c.m.l.s.HelloSpringApplicationRunListener - SpringApplicationRunListener...contextPrepared...
2020-03-28 23:45:47.925 [main] INFO  com.momolela.SpringBootStartTests - Starting SpringBootStartTests on DESKTOP-QMV0PHF with PID 2464 (started by Administrator in E:\idea\springboot)
2020-03-28 23:45:47.959 [main] INFO  com.momolela.SpringBootStartTests - The following profiles are active: dev
2020-03-28 23:45:48.192 [main] INFO  c.m.l.s.HelloSpringApplicationRunListener - SpringApplicationRunListener...contextLoaded...
2020-03-28 23:45:50.561 [main] INFO  o.s.b.a.l.ConditionEvaluationReportLoggingListener - 

Error starting ApplicationContext. To display the conditions report re-run your application with 'debug' enabled.
2020-03-28 23:48:30.016 [main] INFO  c.m.l.s.HelloSpringApplicationRunListener - SpringApplicationRunListener...environmentPrepared..Windows 10
2020-03-28 23:48:30.415 [main] INFO  c.m.l.s.HelloApplicationContextInitializer - ApplicationContextInitializer...initialize...org.springframework.web.context.support.GenericWebApplicationContext@200606de, started on Thu Jan 01 08:00:00 CST 1970
2020-03-28 23:48:30.429 [main] INFO  c.m.l.s.HelloSpringApplicationRunListener - SpringApplicationRunListener...contextPrepared...
2020-03-28 23:48:30.442 [main] INFO  com.momolela.SpringBootStartTests - Starting SpringBootStartTests on DESKTOP-QMV0PHF with PID 4928 (started by Administrator in E:\idea\springboot)
2020-03-28 23:48:30.444 [main] INFO  com.momolela.SpringBootStartTests - The following profiles are active: dev
2020-03-28 23:48:30.575 [main] INFO  c.m.l.s.HelloSpringApplicationRunListener - SpringApplicationRunListener...contextLoaded...
2020-03-28 23:48:35.184 [main] INFO  com.momolela.config.MyAppConfig - 通过@Configuration和@Bean注解添加helloWorldService对象到容器中了
2020-03-28 23:48:36.994 [main] INFO  o.s.scheduling.concurrent.ThreadPoolTaskExecutor - Initializing ExecutorService 'applicationTaskExecutor'
2020-03-28 23:48:38.320 [main] INFO  com.momolela.SpringBootStartTests - Started SpringBootStartTests in 9.894 seconds (JVM running for 13.474)
2020-03-28 23:48:38.323 [main] INFO  c.m.l.s.HelloApplicationRunner - ApplicationRunner...run....
2020-03-28 23:48:38.324 [main] INFO  c.m.l.s.HelloCommandLineRunner - CommandLineRunner...run...[]
2020-03-28 23:48:38.935 [main] INFO  com.momolela.SpringBootStartTests - Person Object===Person{lastName='hufy', age=25, boss=false, birth=Wed Nov 01 00:00:00 CST 1995, map={k2=v2, k1=v1}, list=[haha, xixi], dog=Dog{name='np'}}
2020-03-28 23:48:38.963 [SpringContextShutdownHook] INFO  o.s.scheduling.concurrent.ThreadPoolTaskExecutor - Shutting down ExecutorService 'applicationTaskExecutor'
2020-03-28 23:50:32.628 [main] INFO  c.m.l.s.HelloSpringApplicationRunListener - SpringApplicationRunListener...environmentPrepared..Windows 10
2020-03-28 23:50:33.048 [main] INFO  c.m.l.s.HelloApplicationContextInitializer - ApplicationContextInitializer...initialize...org.springframework.boot.web.servlet.context.AnnotationConfigServletWebServerApplicationContext@62452cc9, started on Thu Jan 01 08:00:00 CST 1970
2020-03-28 23:50:33.059 [main] INFO  c.m.l.s.HelloSpringApplicationRunListener - SpringApplicationRunListener...contextPrepared...
2020-03-28 23:50:33.071 [main] INFO  com.momolela.SpringBootStart - Starting SpringBootStart on DESKTOP-QMV0PHF with PID 9588 (E:\idea\springboot\target\classes started by Administrator in E:\idea\springboot)
2020-03-28 23:50:33.073 [main] INFO  com.momolela.SpringBootStart - The following profiles are active: dev
2020-03-28 23:50:33.220 [main] INFO  c.m.l.s.HelloSpringApplicationRunListener - SpringApplicationRunListener...contextLoaded...
2020-03-28 23:50:35.457 [main] INFO  o.s.boot.web.embedded.tomcat.TomcatWebServer - Tomcat initialized with port(s): 8081 (http)
2020-03-28 23:50:35.472 [main] INFO  org.apache.coyote.http11.Http11NioProtocol - Initializing ProtocolHandler ["http-nio-8081"]
2020-03-28 23:50:35.474 [main] INFO  org.apache.catalina.core.StandardService - Starting service [Tomcat]
2020-03-28 23:50:35.474 [main] INFO  org.apache.catalina.core.StandardEngine - Starting Servlet engine: [Apache Tomcat/9.0.27]
2020-03-28 23:50:35.636 [main] INFO  o.a.c.c.C.[Tomcat].[localhost].[/springboot] - Initializing Spring embedded WebApplicationContext
2020-03-28 23:50:35.637 [main] INFO  org.springframework.web.context.ContextLoader - Root WebApplicationContext: initialization completed in 2416 ms
2020-03-28 23:50:35.757 [main] INFO  com.momolela.listener.servletListener.MyListener - ===========web应用启动了
2020-03-28 23:50:35.929 [main] INFO  com.momolela.config.MyAppConfig - 通过@Configuration和@Bean注解添加helloWorldService对象到容器中了
2020-03-28 23:50:36.304 [main] INFO  o.s.scheduling.concurrent.ThreadPoolTaskExecutor - Initializing ExecutorService 'applicationTaskExecutor'
2020-03-28 23:50:36.752 [main] INFO  org.apache.coyote.http11.Http11NioProtocol - Starting ProtocolHandler ["http-nio-8081"]
2020-03-28 23:50:36.804 [main] INFO  o.s.boot.web.embedded.tomcat.TomcatWebServer - Tomcat started on port(s): 8081 (http) with context path '/springboot'
2020-03-28 23:50:36.810 [main] INFO  com.momolela.SpringBootStart - Started SpringBootStart in 5.634 seconds (JVM running for 8.705)
2020-03-28 23:50:36.812 [main] INFO  c.m.l.s.HelloApplicationRunner - ApplicationRunner...run....
2020-03-28 23:50:36.812 [main] INFO  c.m.l.s.HelloCommandLineRunner - CommandLineRunner...run...[]
2020-03-28 23:51:03.801 [http-nio-8081-exec-1] INFO  o.a.c.c.C.[Tomcat].[localhost].[/springboot] - Initializing Spring DispatcherServlet 'dispatcherServlet'
2020-03-28 23:51:03.802 [http-nio-8081-exec-1] INFO  org.springframework.web.servlet.DispatcherServlet - Initializing Servlet 'dispatcherServlet'
2020-03-28 23:51:03.817 [http-nio-8081-exec-1] INFO  org.springframework.web.servlet.DispatcherServlet - Completed initialization in 15 ms
2020-03-28 23:51:03.867 [http-nio-8081-exec-1] INFO  com.momolela.interceptor.MyInterceptor - 拦截器打印：被拦截器拦截了
2020-03-28 23:51:56.314 [http-nio-8081-exec-4] INFO  com.momolela.interceptor.MyInterceptor - 拦截器打印：被拦截器拦截了
2020-03-28 23:52:54.766 [http-nio-8081-exec-6] INFO  com.momolela.interceptor.MyInterceptor - 拦截器打印：被拦截器拦截了
2020-03-28 23:54:41.539 [http-nio-8081-exec-9] INFO  com.momolela.interceptor.MyInterceptor - 拦截器打印：被拦截器拦截了
2020-03-28 23:55:10.242 [SpringContextShutdownHook] INFO  o.s.scheduling.concurrent.ThreadPoolTaskExecutor - Shutting down ExecutorService 'applicationTaskExecutor'
2020-03-28 23:55:19.762 [main] INFO  c.m.l.s.HelloSpringApplicationRunListener - SpringApplicationRunListener...environmentPrepared..Windows 10
2020-03-28 23:55:20.113 [main] INFO  c.m.l.s.HelloApplicationContextInitializer - ApplicationContextInitializer...initialize...org.springframework.boot.web.servlet.context.AnnotationConfigServletWebServerApplicationContext@435fb7b5, started on Thu Jan 01 08:00:00 CST 1970
2020-03-28 23:55:20.121 [main] INFO  c.m.l.s.HelloSpringApplicationRunListener - SpringApplicationRunListener...contextPrepared...
2020-03-28 23:55:20.130 [main] INFO  com.momolela.SpringBootStart - Starting SpringBootStart on DESKTOP-QMV0PHF with PID 3868 (E:\idea\springboot\target\classes started by Administrator in E:\idea\springboot)
2020-03-28 23:55:20.131 [main] INFO  com.momolela.SpringBootStart - The following profiles are active: dev
2020-03-28 23:55:20.293 [main] INFO  c.m.l.s.HelloSpringApplicationRunListener - SpringApplicationRunListener...contextLoaded...
2020-03-28 23:55:22.162 [main] INFO  o.s.boot.web.embedded.tomcat.TomcatWebServer - Tomcat initialized with port(s): 8081 (http)
2020-03-28 23:55:22.178 [main] INFO  org.apache.coyote.http11.Http11NioProtocol - Initializing ProtocolHandler ["http-nio-8081"]
2020-03-28 23:55:22.179 [main] INFO  org.apache.catalina.core.StandardService - Starting service [Tomcat]
2020-03-28 23:55:22.179 [main] INFO  org.apache.catalina.core.StandardEngine - Starting Servlet engine: [Apache Tomcat/9.0.27]
2020-03-28 23:55:22.325 [main] INFO  o.a.c.c.C.[Tomcat].[localhost].[/springboot] - Initializing Spring embedded WebApplicationContext
2020-03-28 23:55:22.325 [main] INFO  org.springframework.web.context.ContextLoader - Root WebApplicationContext: initialization completed in 2032 ms
2020-03-28 23:55:22.453 [main] INFO  com.momolela.listener.servletListener.MyListener - ===========web应用启动了
2020-03-28 23:55:22.615 [main] INFO  com.momolela.config.MyAppConfig - 通过@Configuration和@Bean注解添加helloWorldService对象到容器中了
2020-03-28 23:55:22.926 [main] INFO  o.s.scheduling.concurrent.ThreadPoolTaskExecutor - Initializing ExecutorService 'applicationTaskExecutor'
2020-03-28 23:55:23.327 [main] INFO  org.apache.coyote.http11.Http11NioProtocol - Starting ProtocolHandler ["http-nio-8081"]
2020-03-28 23:55:23.364 [main] INFO  o.s.boot.web.embedded.tomcat.TomcatWebServer - Tomcat started on port(s): 8081 (http) with context path '/springboot'
2020-03-28 23:55:23.369 [main] INFO  com.momolela.SpringBootStart - Started SpringBootStart in 4.876 seconds (JVM running for 7.464)
2020-03-28 23:55:23.370 [main] INFO  c.m.l.s.HelloApplicationRunner - ApplicationRunner...run....
2020-03-28 23:55:23.370 [main] INFO  c.m.l.s.HelloCommandLineRunner - CommandLineRunner...run...[]
2020-03-28 23:55:47.700 [http-nio-8081-exec-1] INFO  o.a.c.c.C.[Tomcat].[localhost].[/springboot] - Initializing Spring DispatcherServlet 'dispatcherServlet'
2020-03-28 23:55:47.700 [http-nio-8081-exec-1] INFO  org.springframework.web.servlet.DispatcherServlet - Initializing Servlet 'dispatcherServlet'
2020-03-28 23:55:47.711 [http-nio-8081-exec-1] INFO  org.springframework.web.servlet.DispatcherServlet - Completed initialization in 11 ms
2020-03-28 23:55:47.745 [http-nio-8081-exec-1] INFO  com.momolela.interceptor.MyInterceptor - 拦截器打印：被拦截器拦截了
2020-03-28 23:56:32.731 [SpringContextShutdownHook] INFO  o.s.scheduling.concurrent.ThreadPoolTaskExecutor - Shutting down ExecutorService 'applicationTaskExecutor'
2020-03-28 23:56:42.216 [main] INFO  c.m.l.s.HelloSpringApplicationRunListener - SpringApplicationRunListener...environmentPrepared..Windows 10
2020-03-28 23:56:42.529 [main] INFO  c.m.l.s.HelloApplicationContextInitializer - ApplicationContextInitializer...initialize...org.springframework.boot.web.servlet.context.AnnotationConfigServletWebServerApplicationContext@6bea52d4, started on Thu Jan 01 08:00:00 CST 1970
2020-03-28 23:56:42.537 [main] INFO  c.m.l.s.HelloSpringApplicationRunListener - SpringApplicationRunListener...contextPrepared...
2020-03-28 23:56:42.547 [main] INFO  com.momolela.SpringBootStart - Starting SpringBootStart on DESKTOP-QMV0PHF with PID 2356 (E:\idea\springboot\target\classes started by Administrator in E:\idea\springboot)
2020-03-28 23:56:42.548 [main] INFO  com.momolela.SpringBootStart - The following profiles are active: dev
2020-03-28 23:56:42.674 [main] INFO  c.m.l.s.HelloSpringApplicationRunListener - SpringApplicationRunListener...contextLoaded...
2020-03-28 23:56:44.893 [main] INFO  o.s.boot.web.embedded.tomcat.TomcatWebServer - Tomcat initialized with port(s): 8081 (http)
2020-03-28 23:56:44.911 [main] INFO  org.apache.coyote.http11.Http11NioProtocol - Initializing ProtocolHandler ["http-nio-8081"]
2020-03-28 23:56:44.913 [main] INFO  org.apache.catalina.core.StandardService - Starting service [Tomcat]
2020-03-28 23:56:44.913 [main] INFO  org.apache.catalina.core.StandardEngine - Starting Servlet engine: [Apache Tomcat/9.0.27]
2020-03-28 23:56:45.069 [main] INFO  o.a.c.c.C.[Tomcat].[localhost].[/springboot] - Initializing Spring embedded WebApplicationContext
2020-03-28 23:56:45.069 [main] INFO  org.springframework.web.context.ContextLoader - Root WebApplicationContext: initialization completed in 2395 ms
2020-03-28 23:56:45.219 [main] INFO  com.momolela.listener.servletListener.MyListener - ===========web应用启动了
2020-03-28 23:56:45.388 [main] INFO  com.momolela.config.MyAppConfig - 通过@Configuration和@Bean注解添加helloWorldService对象到容器中了
2020-03-28 23:56:45.759 [main] INFO  o.s.scheduling.concurrent.ThreadPoolTaskExecutor - Initializing ExecutorService 'applicationTaskExecutor'
2020-03-28 23:56:46.284 [main] INFO  org.apache.coyote.http11.Http11NioProtocol - Starting ProtocolHandler ["http-nio-8081"]
2020-03-28 23:56:46.323 [main] INFO  o.s.boot.web.embedded.tomcat.TomcatWebServer - Tomcat started on port(s): 8081 (http) with context path '/springboot'
2020-03-28 23:56:46.329 [main] INFO  com.momolela.SpringBootStart - Started SpringBootStart in 5.507 seconds (JVM running for 8.319)
2020-03-28 23:56:46.331 [main] INFO  c.m.l.s.HelloApplicationRunner - ApplicationRunner...run....
2020-03-28 23:56:46.331 [main] INFO  c.m.l.s.HelloCommandLineRunner - CommandLineRunner...run...[]
2020-03-28 23:57:01.540 [http-nio-8081-exec-1] INFO  o.a.c.c.C.[Tomcat].[localhost].[/springboot] - Initializing Spring DispatcherServlet 'dispatcherServlet'
2020-03-28 23:57:01.541 [http-nio-8081-exec-1] INFO  org.springframework.web.servlet.DispatcherServlet - Initializing Servlet 'dispatcherServlet'
2020-03-28 23:57:01.553 [http-nio-8081-exec-1] INFO  org.springframework.web.servlet.DispatcherServlet - Completed initialization in 12 ms
2020-03-28 23:57:01.641 [http-nio-8081-exec-1] INFO  com.momolela.interceptor.MyInterceptor - 拦截器打印：请求结束了
