2020-03-30 08:32:53.144 [SpringContextShutdownHook] INFO  o.s.scheduling.concurrent.ThreadPoolTaskExecutor - Shutting down ExecutorService 'applicationTaskExecutor'
2020-03-30 20:22:59.296 [main] INFO  c.m.l.s.HelloSpringApplicationRunListener - SpringApplicationRunListener...environmentPrepared..Windows 10
2020-03-30 20:22:59.844 [main] INFO  c.m.l.s.HelloApplicationContextInitializer - ApplicationContextInitializer...initialize...org.springframework.boot.web.servlet.context.AnnotationConfigServletWebServerApplicationContext@55342f40, started on Thu Jan 01 08:00:00 CST 1970
2020-03-30 20:22:59.855 [main] INFO  c.m.l.s.HelloSpringApplicationRunListener - SpringApplicationRunListener...contextPrepared...
2020-03-30 20:22:59.865 [main] INFO  com.momolela.SpringBootStart - Starting SpringBootStart on DESKTOP-QMV0PHF with PID 14452 (E:\idea\springboot\target\classes started by Administrator in E:\idea\springboot)
2020-03-30 20:22:59.866 [main] INFO  com.momolela.SpringBootStart - The following profiles are active: dev
2020-03-30 20:23:00.145 [main] INFO  c.m.l.s.HelloSpringApplicationRunListener - SpringApplicationRunListener...contextLoaded...
2020-03-30 20:23:02.896 [main] INFO  o.s.boot.web.embedded.tomcat.TomcatWebServer - Tomcat initialized with port(s): 8081 (http)
2020-03-30 20:23:02.915 [main] INFO  org.apache.coyote.http11.Http11NioProtocol - Initializing ProtocolHandler ["http-nio-8081"]
2020-03-30 20:23:02.918 [main] INFO  org.apache.catalina.core.StandardService - Starting service [Tomcat]
2020-03-30 20:23:02.919 [main] INFO  org.apache.catalina.core.StandardEngine - Starting Servlet engine: [Apache Tomcat/9.0.27]
2020-03-30 20:23:03.140 [main] INFO  o.a.c.c.C.[Tomcat].[localhost].[/springboot] - Initializing Spring embedded WebApplicationContext
2020-03-30 20:23:03.140 [main] INFO  org.springframework.web.context.ContextLoader - Root WebApplicationContext: initialization completed in 2994 ms
2020-03-30 20:23:03.273 [main] INFO  com.momolela.listener.servletListener.MyListener - ===========web应用启动了
2020-03-30 20:23:03.532 [main] INFO  com.momolela.config.MyAppConfig - 通过@Configuration和@Bean注解添加helloWorldService对象到容器中了
2020-03-30 20:23:04.028 [main] INFO  o.s.scheduling.concurrent.ThreadPoolTaskExecutor - Initializing ExecutorService 'applicationTaskExecutor'
2020-03-30 20:23:04.671 [main] INFO  org.apache.coyote.http11.Http11NioProtocol - Starting ProtocolHandler ["http-nio-8081"]
2020-03-30 20:23:04.715 [main] INFO  o.s.boot.web.embedded.tomcat.TomcatWebServer - Tomcat started on port(s): 8081 (http) with context path '/springboot'
2020-03-30 20:23:04.722 [main] INFO  com.momolela.SpringBootStart - Started SpringBootStart in 7.524 seconds (JVM running for 11.494)
2020-03-30 20:23:04.724 [main] INFO  c.m.l.s.HelloApplicationRunner - ApplicationRunner...run....
2020-03-30 20:23:04.724 [main] INFO  c.m.l.s.HelloCommandLineRunner - CommandLineRunner...run...[]
2020-03-30 20:30:50.802 [SpringContextShutdownHook] INFO  o.s.scheduling.concurrent.ThreadPoolTaskExecutor - Shutting down ExecutorService 'applicationTaskExecutor'
2020-03-30 20:30:52.906 [SpringContextShutdownHook] INFO  com.momolela.listener.servletListener.MyListener - ===========web应用停止了
2020-03-30 20:31:04.468 [main] INFO  c.m.l.s.HelloSpringApplicationRunListener - SpringApplicationRunListener...environmentPrepared..Windows 10
2020-03-30 20:31:05.103 [main] INFO  c.m.l.s.HelloApplicationContextInitializer - ApplicationContextInitializer...initialize...org.springframework.boot.web.servlet.context.AnnotationConfigServletWebServerApplicationContext@2a8d39c4, started on Thu Jan 01 08:00:00 CST 1970
2020-03-30 20:31:05.185 [main] INFO  c.m.l.s.HelloSpringApplicationRunListener - SpringApplicationRunListener...contextPrepared...
2020-03-30 20:31:05.206 [main] INFO  com.momolela.SpringBootStart - Starting SpringBootStart on DESKTOP-QMV0PHF with PID 16756 (E:\idea\springboot\target\classes started by Administrator in E:\idea\springboot)
2020-03-30 20:31:05.208 [main] INFO  com.momolela.SpringBootStart - The following profiles are active: dev
2020-03-30 20:31:05.569 [main] INFO  c.m.l.s.HelloSpringApplicationRunListener - SpringApplicationRunListener...contextLoaded...
2020-03-30 20:31:09.067 [main] INFO  o.s.boot.web.embedded.tomcat.TomcatWebServer - Tomcat initialized with port(s): 8081 (http)
2020-03-30 20:31:09.089 [main] INFO  org.apache.coyote.http11.Http11NioProtocol - Initializing ProtocolHandler ["http-nio-8081"]
2020-03-30 20:31:09.091 [main] INFO  org.apache.catalina.core.StandardService - Starting service [Tomcat]
2020-03-30 20:31:09.091 [main] INFO  org.apache.catalina.core.StandardEngine - Starting Servlet engine: [Apache Tomcat/9.0.27]
2020-03-30 20:31:09.276 [main] INFO  o.a.c.c.C.[Tomcat].[localhost].[/springboot] - Initializing Spring embedded WebApplicationContext
2020-03-30 20:31:09.277 [main] INFO  org.springframework.web.context.ContextLoader - Root WebApplicationContext: initialization completed in 3708 ms
2020-03-30 20:31:09.393 [main] INFO  com.momolela.listener.servletListener.MyListener - ===========web应用启动了
2020-03-30 20:31:09.620 [main] INFO  com.momolela.config.MyAppConfig - 通过@Configuration和@Bean注解添加helloWorldService对象到容器中了
2020-03-30 20:31:10.061 [main] INFO  o.s.scheduling.concurrent.ThreadPoolTaskExecutor - Initializing ExecutorService 'applicationTaskExecutor'
2020-03-30 20:31:10.630 [main] INFO  org.apache.coyote.http11.Http11NioProtocol - Starting ProtocolHandler ["http-nio-8081"]
2020-03-30 20:31:10.698 [main] INFO  o.s.boot.web.embedded.tomcat.TomcatWebServer - Tomcat started on port(s): 8081 (http) with context path '/springboot'
2020-03-30 20:31:10.706 [main] INFO  com.momolela.SpringBootStart - Started SpringBootStart in 8.328 seconds (JVM running for 12.125)
2020-03-30 20:31:10.708 [main] INFO  c.m.l.s.HelloApplicationRunner - ApplicationRunner...run....
2020-03-30 20:31:10.709 [main] INFO  c.m.l.s.HelloCommandLineRunner - CommandLineRunner...run...[]
2020-03-30 20:33:27.734 [SpringContextShutdownHook] INFO  o.s.scheduling.concurrent.ThreadPoolTaskExecutor - Shutting down ExecutorService 'applicationTaskExecutor'
2020-03-30 20:33:29.492 [SpringContextShutdownHook] INFO  com.momolela.listener.servletListener.MyListener - ===========web应用停止了
2020-03-30 20:33:38.184 [main] INFO  c.m.l.s.HelloSpringApplicationRunListener - SpringApplicationRunListener...environmentPrepared..Windows 10
2020-03-30 20:33:38.713 [main] INFO  c.m.l.s.HelloApplicationContextInitializer - ApplicationContextInitializer...initialize...org.springframework.boot.web.servlet.context.AnnotationConfigServletWebServerApplicationContext@784b990c, started on Thu Jan 01 08:00:00 CST 1970
2020-03-30 20:33:38.729 [main] INFO  c.m.l.s.HelloSpringApplicationRunListener - SpringApplicationRunListener...contextPrepared...
2020-03-30 20:33:38.743 [main] INFO  com.momolela.SpringBootStart - Starting SpringBootStart on DESKTOP-QMV0PHF with PID 14492 (E:\idea\springboot\target\classes started by Administrator in E:\idea\springboot)
2020-03-30 20:33:38.747 [main] INFO  com.momolela.SpringBootStart - The following profiles are active: dev
2020-03-30 20:33:39.029 [main] INFO  c.m.l.s.HelloSpringApplicationRunListener - SpringApplicationRunListener...contextLoaded...
2020-03-30 20:33:44.112 [main] INFO  o.s.boot.web.embedded.tomcat.TomcatWebServer - Tomcat initialized with port(s): 8081 (http)
2020-03-30 20:33:44.134 [main] INFO  org.apache.coyote.http11.Http11NioProtocol - Initializing ProtocolHandler ["http-nio-8081"]
2020-03-30 20:33:44.135 [main] INFO  org.apache.catalina.core.StandardService - Starting service [Tomcat]
2020-03-30 20:33:44.136 [main] INFO  org.apache.catalina.core.StandardEngine - Starting Servlet engine: [Apache Tomcat/9.0.27]
2020-03-30 20:33:44.347 [main] INFO  o.a.c.core.ContainerBase.[Tomcat].[localhost].[/] - Initializing Spring embedded WebApplicationContext
2020-03-30 20:33:44.349 [main] INFO  org.springframework.web.context.ContextLoader - Root WebApplicationContext: initialization completed in 5320 ms
2020-03-30 20:33:44.491 [main] INFO  com.momolela.listener.servletListener.MyListener - ===========web应用启动了
2020-03-30 20:33:44.763 [main] INFO  com.momolela.config.MyAppConfig - 通过@Configuration和@Bean注解添加helloWorldService对象到容器中了
2020-03-30 20:33:45.357 [main] INFO  o.s.scheduling.concurrent.ThreadPoolTaskExecutor - Initializing ExecutorService 'applicationTaskExecutor'
2020-03-30 20:33:46.085 [main] INFO  org.apache.coyote.http11.Http11NioProtocol - Starting ProtocolHandler ["http-nio-8081"]
2020-03-30 20:33:46.135 [main] INFO  o.s.boot.web.embedded.tomcat.TomcatWebServer - Tomcat started on port(s): 8081 (http) with context path ''
2020-03-30 20:33:46.141 [main] INFO  com.momolela.SpringBootStart - Started SpringBootStart in 9.744 seconds (JVM running for 13.802)
2020-03-30 20:33:46.143 [main] INFO  c.m.l.s.HelloApplicationRunner - ApplicationRunner...run....
2020-03-30 20:33:46.143 [main] INFO  c.m.l.s.HelloCommandLineRunner - CommandLineRunner...run...[]
2020-03-30 20:34:30.753 [SpringContextShutdownHook] INFO  o.s.scheduling.concurrent.ThreadPoolTaskExecutor - Shutting down ExecutorService 'applicationTaskExecutor'
2020-03-30 20:34:32.736 [SpringContextShutdownHook] INFO  com.momolela.listener.servletListener.MyListener - ===========web应用停止了
2020-03-30 20:35:34.008 [main] INFO  c.m.l.s.HelloSpringApplicationRunListener - SpringApplicationRunListener...environmentPrepared..Windows 10
2020-03-30 20:35:34.331 [main] INFO  c.m.l.s.HelloApplicationContextInitializer - ApplicationContextInitializer...initialize...org.springframework.boot.web.servlet.context.AnnotationConfigServletWebServerApplicationContext@698122b2, started on Thu Jan 01 08:00:00 CST 1970
2020-03-30 20:35:34.347 [main] INFO  c.m.l.s.HelloSpringApplicationRunListener - SpringApplicationRunListener...contextPrepared...
2020-03-30 20:35:34.356 [main] INFO  com.momolela.SpringBootStart - Starting SpringBootStart on DESKTOP-QMV0PHF with PID 19700 (E:\idea\springboot\target\classes started by Administrator in E:\idea\springboot)
2020-03-30 20:35:34.358 [main] INFO  com.momolela.SpringBootStart - The following profiles are active: dev
2020-03-30 20:35:34.479 [main] INFO  c.m.l.s.HelloSpringApplicationRunListener - SpringApplicationRunListener...contextLoaded...
2020-03-30 20:35:36.970 [main] INFO  o.s.boot.web.embedded.tomcat.TomcatWebServer - Tomcat initialized with port(s): 8081 (http)
2020-03-30 20:35:36.992 [main] INFO  org.apache.coyote.http11.Http11NioProtocol - Initializing ProtocolHandler ["http-nio-8081"]
2020-03-30 20:35:36.993 [main] INFO  org.apache.catalina.core.StandardService - Starting service [Tomcat]
2020-03-30 20:35:36.994 [main] INFO  org.apache.catalina.core.StandardEngine - Starting Servlet engine: [Apache Tomcat/9.0.27]
2020-03-30 20:35:37.145 [main] INFO  o.a.c.core.ContainerBase.[Tomcat].[localhost].[/] - Initializing Spring embedded WebApplicationContext
2020-03-30 20:35:37.146 [main] INFO  org.springframework.web.context.ContextLoader - Root WebApplicationContext: initialization completed in 2666 ms
2020-03-30 20:35:37.248 [main] INFO  com.momolela.listener.servletListener.MyListener - ===========web应用启动了
2020-03-30 20:35:37.503 [main] INFO  com.momolela.config.MyAppConfig - 通过@Configuration和@Bean注解添加helloWorldService对象到容器中了
2020-03-30 20:35:37.991 [main] INFO  o.s.scheduling.concurrent.ThreadPoolTaskExecutor - Initializing ExecutorService 'applicationTaskExecutor'
2020-03-30 20:35:38.649 [main] INFO  org.apache.coyote.http11.Http11NioProtocol - Starting ProtocolHandler ["http-nio-8081"]
2020-03-30 20:35:38.716 [main] INFO  o.s.boot.web.embedded.tomcat.TomcatWebServer - Tomcat started on port(s): 8081 (http) with context path ''
2020-03-30 20:35:38.723 [main] INFO  com.momolela.SpringBootStart - Started SpringBootStart in 59.652 seconds (JVM running for 64.645)
2020-03-30 20:35:38.725 [main] INFO  c.m.l.s.HelloApplicationRunner - ApplicationRunner...run....
2020-03-30 20:35:38.725 [main] INFO  c.m.l.s.HelloCommandLineRunner - CommandLineRunner...run...[]
2020-03-30 20:36:31.562 [SpringContextShutdownHook] INFO  o.s.scheduling.concurrent.ThreadPoolTaskExecutor - Shutting down ExecutorService 'applicationTaskExecutor'
2020-03-30 20:36:33.366 [SpringContextShutdownHook] INFO  com.momolela.listener.servletListener.MyListener - ===========web应用停止了
2020-03-30 20:36:45.792 [main] INFO  c.m.l.s.HelloSpringApplicationRunListener - SpringApplicationRunListener...environmentPrepared..Windows 10
2020-03-30 20:36:46.006 [main] INFO  c.m.l.s.HelloApplicationContextInitializer - ApplicationContextInitializer...initialize...org.springframework.boot.web.servlet.context.AnnotationConfigServletWebServerApplicationContext@3eeb318f, started on Thu Jan 01 08:00:00 CST 1970
2020-03-30 20:36:46.015 [main] INFO  c.m.l.s.HelloSpringApplicationRunListener - SpringApplicationRunListener...contextPrepared...
2020-03-30 20:36:46.026 [main] INFO  com.momolela.SpringBootStart - Starting SpringBootStart on DESKTOP-QMV0PHF with PID 20936 (E:\idea\springboot\target\classes started by Administrator in E:\idea\springboot)
2020-03-30 20:36:46.027 [main] INFO  com.momolela.SpringBootStart - The following profiles are active: dev
2020-03-30 20:36:46.139 [main] INFO  c.m.l.s.HelloSpringApplicationRunListener - SpringApplicationRunListener...contextLoaded...
2020-03-30 20:36:48.897 [main] INFO  o.s.boot.web.embedded.tomcat.TomcatWebServer - Tomcat initialized with port(s): 8081 (http)
2020-03-30 20:36:48.915 [main] INFO  org.apache.coyote.http11.Http11NioProtocol - Initializing ProtocolHandler ["http-nio-8081"]
2020-03-30 20:36:48.916 [main] INFO  org.apache.catalina.core.StandardService - Starting service [Tomcat]
2020-03-30 20:36:48.916 [main] INFO  org.apache.catalina.core.StandardEngine - Starting Servlet engine: [Apache Tomcat/9.0.27]
2020-03-30 20:36:49.083 [main] INFO  o.a.c.core.ContainerBase.[Tomcat].[localhost].[/] - Initializing Spring embedded WebApplicationContext
2020-03-30 20:36:49.084 [main] INFO  org.springframework.web.context.ContextLoader - Root WebApplicationContext: initialization completed in 2945 ms
2020-03-30 20:36:49.210 [main] INFO  com.momolela.listener.servletListener.MyListener - ===========web应用启动了
2020-03-30 20:36:49.421 [main] INFO  com.momolela.config.MyAppConfig - 通过@Configuration和@Bean注解添加helloWorldService对象到容器中了
2020-03-30 20:36:49.922 [main] INFO  o.s.scheduling.concurrent.ThreadPoolTaskExecutor - Initializing ExecutorService 'applicationTaskExecutor'
2020-03-30 20:36:50.580 [main] INFO  org.apache.coyote.http11.Http11NioProtocol - Starting ProtocolHandler ["http-nio-8081"]
2020-03-30 20:36:50.620 [main] INFO  o.s.boot.web.embedded.tomcat.TomcatWebServer - Tomcat started on port(s): 8081 (http) with context path ''
2020-03-30 20:36:50.626 [main] INFO  com.momolela.SpringBootStart - Started SpringBootStart in 10.18 seconds (JVM running for 13.69)
2020-03-30 20:36:50.628 [main] INFO  c.m.l.s.HelloApplicationRunner - ApplicationRunner...run....
2020-03-30 20:36:50.628 [main] INFO  c.m.l.s.HelloCommandLineRunner - CommandLineRunner...run...[]
2020-03-30 20:46:36.198 [SpringContextShutdownHook] INFO  o.s.scheduling.concurrent.ThreadPoolTaskExecutor - Shutting down ExecutorService 'applicationTaskExecutor'
2020-03-30 21:53:40.999 [main] INFO  c.m.l.s.HelloSpringApplicationRunListener - SpringApplicationRunListener...environmentPrepared..Windows 10
2020-03-30 21:53:41.238 [main] INFO  c.m.l.s.HelloApplicationContextInitializer - ApplicationContextInitializer...initialize...org.springframework.web.context.support.GenericWebApplicationContext@39c11e6c, started on Thu Jan 01 08:00:00 CST 1970
2020-03-30 21:53:41.245 [main] INFO  c.m.l.s.HelloSpringApplicationRunListener - SpringApplicationRunListener...contextPrepared...
2020-03-30 21:53:41.259 [main] INFO  com.momolela.RedisTests - Starting RedisTests on DESKTOP-QMV0PHF with PID 18624 (started by Administrator in E:\idea\springboot)
2020-03-30 21:53:41.262 [main] INFO  com.momolela.RedisTests - The following profiles are active: dev
2020-03-30 21:53:41.422 [main] INFO  c.m.l.s.HelloSpringApplicationRunListener - SpringApplicationRunListener...contextLoaded...
2020-03-30 21:53:45.396 [main] INFO  o.s.d.r.config.RepositoryConfigurationDelegate - Multiple Spring Data modules found, entering strict repository configuration mode!
2020-03-30 21:53:45.412 [main] INFO  o.s.d.r.config.RepositoryConfigurationDelegate - Bootstrapping Spring Data repositories in DEFAULT mode.
2020-03-30 21:53:45.532 [main] INFO  o.s.d.r.config.RepositoryConfigurationDelegate - Finished Spring Data repository scanning in 62ms. Found 0 repository interfaces.
2020-03-30 21:53:47.380 [main] INFO  o.s.c.s.PostProcessorRegistrationDelegate$BeanPostProcessorChecker - Bean 'org.springframework.transaction.annotation.ProxyTransactionManagementConfiguration' of type [org.springframework.transaction.annotation.ProxyTransactionManagementConfiguration] is not eligible for getting processed by all BeanPostProcessors (for example: not eligible for auto-proxying)
2020-03-30 21:53:48.879 [main] INFO  com.momolela.config.MyAppConfig - 通过@Configuration和@Bean注解添加helloWorldService对象到容器中了
2020-03-30 21:53:51.210 [main] INFO  o.s.scheduling.concurrent.ThreadPoolTaskExecutor - Initializing ExecutorService 'applicationTaskExecutor'
2020-03-30 21:53:55.399 [main] INFO  com.momolela.RedisTests - Started RedisTests in 16.349 seconds (JVM running for 20.336)
2020-03-30 21:53:55.403 [main] INFO  c.m.l.s.HelloApplicationRunner - ApplicationRunner...run....
2020-03-30 21:53:55.404 [main] INFO  c.m.l.s.HelloCommandLineRunner - CommandLineRunner...run...[]
2020-03-30 21:53:56.426 [SpringContextShutdownHook] INFO  o.s.scheduling.concurrent.ThreadPoolTaskExecutor - Shutting down ExecutorService 'applicationTaskExecutor'
2020-03-30 21:55:18.890 [main] INFO  c.m.l.s.HelloSpringApplicationRunListener - SpringApplicationRunListener...environmentPrepared..Windows 10
2020-03-30 21:55:19.091 [main] INFO  c.m.l.s.HelloApplicationContextInitializer - ApplicationContextInitializer...initialize...org.springframework.web.context.support.GenericWebApplicationContext@3a45c42a, started on Thu Jan 01 08:00:00 CST 1970
2020-03-30 21:55:19.098 [main] INFO  c.m.l.s.HelloSpringApplicationRunListener - SpringApplicationRunListener...contextPrepared...
2020-03-30 21:55:19.116 [main] INFO  com.momolela.RedisTests - Starting RedisTests on DESKTOP-QMV0PHF with PID 1920 (started by Administrator in E:\idea\springboot)
2020-03-30 21:55:19.118 [main] INFO  com.momolela.RedisTests - The following profiles are active: dev
2020-03-30 21:55:19.257 [main] INFO  c.m.l.s.HelloSpringApplicationRunListener - SpringApplicationRunListener...contextLoaded...
2020-03-30 21:55:22.063 [main] INFO  o.s.d.r.config.RepositoryConfigurationDelegate - Multiple Spring Data modules found, entering strict repository configuration mode!
2020-03-30 21:55:22.073 [main] INFO  o.s.d.r.config.RepositoryConfigurationDelegate - Bootstrapping Spring Data repositories in DEFAULT mode.
2020-03-30 21:55:22.152 [main] INFO  o.s.d.r.config.RepositoryConfigurationDelegate - Finished Spring Data repository scanning in 29ms. Found 0 repository interfaces.
2020-03-30 21:55:23.080 [main] INFO  o.s.c.s.PostProcessorRegistrationDelegate$BeanPostProcessorChecker - Bean 'org.springframework.transaction.annotation.ProxyTransactionManagementConfiguration' of type [org.springframework.transaction.annotation.ProxyTransactionManagementConfiguration] is not eligible for getting processed by all BeanPostProcessors (for example: not eligible for auto-proxying)
2020-03-30 21:55:24.045 [main] INFO  com.momolela.config.MyAppConfig - 通过@Configuration和@Bean注解添加helloWorldService对象到容器中了
2020-03-30 21:55:26.303 [main] INFO  o.s.scheduling.concurrent.ThreadPoolTaskExecutor - Initializing ExecutorService 'applicationTaskExecutor'
2020-03-30 21:55:30.346 [main] INFO  com.momolela.RedisTests - Started RedisTests in 12.891 seconds (JVM running for 16.099)
2020-03-30 21:55:30.382 [main] INFO  c.m.l.s.HelloApplicationRunner - ApplicationRunner...run....
2020-03-30 21:55:30.383 [main] INFO  c.m.l.s.HelloCommandLineRunner - CommandLineRunner...run...[]
2020-03-30 21:55:31.943 [main] INFO  io.lettuce.core.EpollProvider - Starting without optional epoll library
2020-03-30 21:55:31.949 [main] INFO  io.lettuce.core.KqueueProvider - Starting without optional kqueue library
2020-03-30 21:55:37.149 [SpringContextShutdownHook] INFO  o.s.scheduling.concurrent.ThreadPoolTaskExecutor - Shutting down ExecutorService 'applicationTaskExecutor'
2020-03-30 22:17:32.088 [main] INFO  c.m.l.s.HelloSpringApplicationRunListener - SpringApplicationRunListener...environmentPrepared..Windows 10
2020-03-30 22:17:32.320 [main] INFO  c.m.l.s.HelloApplicationContextInitializer - ApplicationContextInitializer...initialize...org.springframework.web.context.support.GenericWebApplicationContext@27a0a5a2, started on Thu Jan 01 08:00:00 CST 1970
2020-03-30 22:17:32.334 [main] INFO  c.m.l.s.HelloSpringApplicationRunListener - SpringApplicationRunListener...contextPrepared...
2020-03-30 22:17:32.350 [main] INFO  com.momolela.RedisTests - Starting RedisTests on DESKTOP-QMV0PHF with PID 3268 (started by Administrator in E:\idea\springboot)
2020-03-30 22:17:32.352 [main] INFO  com.momolela.RedisTests - The following profiles are active: dev
2020-03-30 22:17:32.563 [main] INFO  c.m.l.s.HelloSpringApplicationRunListener - SpringApplicationRunListener...contextLoaded...
2020-03-30 22:17:35.765 [main] INFO  o.s.d.r.config.RepositoryConfigurationDelegate - Multiple Spring Data modules found, entering strict repository configuration mode!
2020-03-30 22:17:35.785 [main] INFO  o.s.d.r.config.RepositoryConfigurationDelegate - Bootstrapping Spring Data repositories in DEFAULT mode.
2020-03-30 22:17:35.859 [main] INFO  o.s.d.r.config.RepositoryConfigurationDelegate - Finished Spring Data repository scanning in 30ms. Found 0 repository interfaces.
2020-03-30 22:17:36.995 [main] INFO  o.s.c.s.PostProcessorRegistrationDelegate$BeanPostProcessorChecker - Bean 'org.springframework.transaction.annotation.ProxyTransactionManagementConfiguration' of type [org.springframework.transaction.annotation.ProxyTransactionManagementConfiguration] is not eligible for getting processed by all BeanPostProcessors (for example: not eligible for auto-proxying)
2020-03-30 22:17:39.086 [main] INFO  com.momolela.config.MyAppConfig - 通过@Configuration和@Bean注解添加helloWorldService对象到容器中了
2020-03-30 22:17:41.067 [main] INFO  o.s.scheduling.concurrent.ThreadPoolTaskExecutor - Initializing ExecutorService 'applicationTaskExecutor'
2020-03-30 22:17:42.885 [main] INFO  com.momolela.RedisTests - Started RedisTests in 12.431 seconds (JVM running for 15.768)
2020-03-30 22:17:42.887 [main] INFO  c.m.l.s.HelloApplicationRunner - ApplicationRunner...run....
2020-03-30 22:17:42.888 [main] INFO  c.m.l.s.HelloCommandLineRunner - CommandLineRunner...run...[]
2020-03-30 22:17:43.825 [main] INFO  io.lettuce.core.EpollProvider - Starting without optional epoll library
2020-03-30 22:17:43.830 [main] INFO  io.lettuce.core.KqueueProvider - Starting without optional kqueue library
2020-03-30 22:17:49.075 [SpringContextShutdownHook] INFO  o.s.scheduling.concurrent.ThreadPoolTaskExecutor - Shutting down ExecutorService 'applicationTaskExecutor'
2020-03-30 22:30:34.018 [main] INFO  c.m.l.s.HelloSpringApplicationRunListener - SpringApplicationRunListener...environmentPrepared..Windows 10
2020-03-30 22:30:34.211 [main] INFO  c.m.l.s.HelloApplicationContextInitializer - ApplicationContextInitializer...initialize...org.springframework.web.context.support.GenericWebApplicationContext@15515c51, started on Thu Jan 01 08:00:00 CST 1970
2020-03-30 22:30:34.223 [main] INFO  c.m.l.s.HelloSpringApplicationRunListener - SpringApplicationRunListener...contextPrepared...
2020-03-30 22:30:34.280 [main] INFO  com.momolela.RedisTests - Starting RedisTests on DESKTOP-QMV0PHF with PID 16116 (started by Administrator in E:\idea\springboot)
2020-03-30 22:30:34.284 [main] INFO  com.momolela.RedisTests - The following profiles are active: dev
2020-03-30 22:30:34.448 [main] INFO  c.m.l.s.HelloSpringApplicationRunListener - SpringApplicationRunListener...contextLoaded...
2020-03-30 22:30:37.342 [main] INFO  o.s.d.r.config.RepositoryConfigurationDelegate - Multiple Spring Data modules found, entering strict repository configuration mode!
2020-03-30 22:30:37.351 [main] INFO  o.s.d.r.config.RepositoryConfigurationDelegate - Bootstrapping Spring Data repositories in DEFAULT mode.
2020-03-30 22:30:37.426 [main] INFO  o.s.d.r.config.RepositoryConfigurationDelegate - Finished Spring Data repository scanning in 31ms. Found 0 repository interfaces.
2020-03-30 22:30:38.453 [main] INFO  o.s.c.s.PostProcessorRegistrationDelegate$BeanPostProcessorChecker - Bean 'org.springframework.transaction.annotation.ProxyTransactionManagementConfiguration' of type [org.springframework.transaction.annotation.ProxyTransactionManagementConfiguration] is not eligible for getting processed by all BeanPostProcessors (for example: not eligible for auto-proxying)
2020-03-30 22:30:40.786 [main] INFO  com.momolela.config.MyAppConfig - 通过@Configuration和@Bean注解添加helloWorldService对象到容器中了
2020-03-30 22:30:43.248 [main] INFO  o.s.scheduling.concurrent.ThreadPoolTaskExecutor - Initializing ExecutorService 'applicationTaskExecutor'
2020-03-30 22:30:45.301 [main] INFO  com.momolela.RedisTests - Started RedisTests in 13.406 seconds (JVM running for 16.481)
2020-03-30 22:30:45.307 [main] INFO  c.m.l.s.HelloApplicationRunner - ApplicationRunner...run....
2020-03-30 22:30:45.308 [main] INFO  c.m.l.s.HelloCommandLineRunner - CommandLineRunner...run...[]
2020-03-30 22:30:46.290 [main] INFO  io.lettuce.core.EpollProvider - Starting without optional epoll library
2020-03-30 22:30:46.295 [main] INFO  io.lettuce.core.KqueueProvider - Starting without optional kqueue library
2020-03-30 22:30:53.691 [SpringContextShutdownHook] INFO  o.s.scheduling.concurrent.ThreadPoolTaskExecutor - Shutting down ExecutorService 'applicationTaskExecutor'
